This is pdfTeX, Version 3.1415926-1.40.10 (TeX Live 2009/Debian) (format=pdflatex 2012.5.25)  13 MAR 2013 18:08
entering extended mode
 %&-line parsing enabled.
**\input GIAM.tex
(./GIAM.tex (/usr/share/texmf-texlive/tex/latex/base/book.cls
Document Class: book 2007/10/19 v1.4h Standard LaTeX document class
(/usr/share/texmf-texlive/tex/latex/base/bk12.clo
File: bk12.clo 2007/10/19 v1.4h Standard LaTeX file (size option)
)
\c@part=\count79
\c@chapter=\count80
\c@section=\count81
\c@subsection=\count82
\c@subsubsection=\count83
\c@paragraph=\count84
\c@subparagraph=\count85
\c@figure=\count86
\c@table=\count87
\abovecaptionskip=\skip41
\belowcaptionskip=\skip42
\bibindent=\dimen102
)
(/usr/share/texmf-texlive/tex/latex/hyperref/hyperref.sty
Package: hyperref 2009/10/09 v6.79a Hypertext links for LaTeX

(/usr/share/texmf-texlive/tex/latex/graphics/keyval.sty
Package: keyval 1999/03/16 v1.13 key=value parser (DPC)
\KV@toks@=\toks14
)
(/usr/share/texmf-texlive/tex/generic/oberdiek/ifpdf.sty
Package: ifpdf 2009/04/10 v2.0 Provides the ifpdf switch (HO)
Package ifpdf Info: pdfTeX in pdf mode detected.
)
(/usr/share/texmf-texlive/tex/generic/oberdiek/ifvtex.sty
Package: ifvtex 2008/11/04 v1.4 Switches for detecting VTeX and its modes (HO)
Package ifvtex Info: VTeX not detected.
)
(/usr/share/texmf-texlive/tex/generic/ifxetex/ifxetex.sty
Package: ifxetex 2009/01/23 v0.5 Provides ifxetex conditional
)
(/usr/share/texmf-texlive/tex/latex/oberdiek/hycolor.sty
Package: hycolor 2009/10/02 v1.5 Code for color options of hyperref/bookmark (H
O)

(/usr/share/texmf-texlive/tex/latex/oberdiek/xcolor-patch.sty
Package: xcolor-patch 2009/10/02 xcolor patch
))
\@linkdim=\dimen103
\Hy@linkcounter=\count88
\Hy@pagecounter=\count89

(/usr/share/texmf-texlive/tex/latex/hyperref/pd1enc.def
File: pd1enc.def 2009/10/09 v6.79a Hyperref: PDFDocEncoding definition (HO)
)
(/usr/share/texmf-texlive/tex/generic/oberdiek/etexcmds.sty
Package: etexcmds 2007/12/12 v1.2 Prefix for e-TeX command names (HO)

(/usr/share/texmf-texlive/tex/generic/oberdiek/infwarerr.sty
Package: infwarerr 2007/09/09 v1.2 Providing info/warning/message (HO)
)
Package etexcmds Info: Could not find \expanded.
(etexcmds)             That can mean that you are not using pdfTeX 1.50 or
(etexcmds)             that some package has redefined \expanded.
(etexcmds)             In the latter case, load this package earlier.
)
(/usr/share/texmf-texlive/tex/latex/latexconfig/hyperref.cfg
File: hyperref.cfg 2002/06/06 v1.2 hyperref configuration of TeXLive
)
(/usr/share/texmf-texlive/tex/latex/oberdiek/kvoptions.sty
Package: kvoptions 2009/08/13 v3.4 Keyval support for LaTeX options (HO)

(/usr/share/texmf-texlive/tex/generic/oberdiek/kvsetkeys.sty
Package: kvsetkeys 2009/07/30 v1.5 Key value parser with default handler suppor
t (HO)
))
Package hyperref Info: Hyper figures OFF on input line 2975.
Package hyperref Info: Link nesting OFF on input line 2980.
Package hyperref Info: Hyper index ON on input line 2983.
Package hyperref Info: Plain pages OFF on input line 2990.
Package hyperref Info: Backreferencing OFF on input line 2995.

Implicit mode ON; LaTeX internals redefined
Package hyperref Info: Bookmarks ON on input line 3191.
(/usr/share/texmf-texlive/tex/latex/ltxmisc/url.sty
\Urlmuskip=\muskip10
Package: url 2006/04/12  ver 3.3  Verb mode for urls, etc.
)
LaTeX Info: Redefining \url on input line 3428.

(/usr/share/texmf-texlive/tex/generic/oberdiek/bitset.sty
Package: bitset 2007/09/28 v1.0 Data type bit set (HO)

(/usr/share/texmf-texlive/tex/generic/oberdiek/intcalc.sty
Package: intcalc 2007/09/27 v1.1 Expandable integer calculations (HO)
)
(/usr/share/texmf-texlive/tex/generic/oberdiek/bigintcalc.sty
Package: bigintcalc 2007/11/11 v1.1 Expandable big integer calculations (HO)

(/usr/share/texmf-texlive/tex/generic/oberdiek/pdftexcmds.sty
Package: pdftexcmds 2009/09/23 v0.6 LuaTeX support for pdfTeX utility functions
 (HO)

(/usr/share/texmf-texlive/tex/generic/oberdiek/ifluatex.sty
Package: ifluatex 2009/04/17 v1.2 Provides the ifluatex switch (HO)
Package ifluatex Info: LuaTeX not detected.
)
(/usr/share/texmf-texlive/tex/generic/oberdiek/ltxcmds.sty
Package: ltxcmds 2009/08/05 v1.0 Some LaTeX kernel commands for general use (HO
)
)
Package pdftexcmds Info: LuaTeX not detected.
Package pdftexcmds Info: \pdf@primitive is available.
Package pdftexcmds Info: \pdf@ifprimitive is available.
)))
\Fld@menulength=\count90
\Field@Width=\dimen104
\Fld@charsize=\dimen105
\Field@toks=\toks15
Package hyperref Info: Hyper figures OFF on input line 4377.
Package hyperref Info: Link nesting OFF on input line 4382.
Package hyperref Info: Hyper index ON on input line 4385.
Package hyperref Info: backreferencing OFF on input line 4392.
Package hyperref Info: Link coloring OFF on input line 4397.
Package hyperref Info: Link coloring with OCG OFF on input line 4402.
Package hyperref Info: PDF/A mode OFF on input line 4407.

(/usr/share/texmf-texlive/tex/generic/oberdiek/atbegshi.sty
Package: atbegshi 2008/07/31 v1.9 At begin shipout hook (HO)
)
\Hy@abspage=\count91
\c@Item=\count92
\c@Hfootnote=\count93
)
*hyperref using driver hpdftex*
(/usr/share/texmf-texlive/tex/latex/hyperref/hpdftex.def
File: hpdftex.def 2009/10/09 v6.79a Hyperref driver for pdfTeX
\Fld@listcount=\count94
)
Package hyperref Info: Option `colorlinks' set `true' on input line 24.
Package hyperref Info: Option `plainpages' set `false' on input line 24.


Package hyperref Warning: Option `pdfpagelabels' has already been used,
(hyperref)                setting the option has no effect on input line 24.

Use 'fig4latex -p' then 'make' to format graphics for pdflatex.
(/usr/share/texmf-texlive/tex/generic/babel/babel.sty
Package: babel 2008/07/06 v3.8l The Babel package

(/usr/share/texmf-texlive/tex/generic/babel/english.ldf
Language: english 2005/03/30 v3.3o English support from the babel system

(/usr/share/texmf-texlive/tex/generic/babel/babel.def
File: babel.def 2008/07/06 v3.8l Babel common definitions
\babel@savecnt=\count95
\U@D=\dimen106
)
\l@british = a dialect from \language\l@english 
\l@UKenglish = a dialect from \language\l@english 
\l@canadian = a dialect from \language\l@american 
\l@australian = a dialect from \language\l@british 
\l@newzealand = a dialect from \language\l@british 
))
(/usr/share/texmf-texlive/tex/latex/base/makeidx.sty
Package: makeidx 2000/03/29 v1.0m Standard LaTeX package
)
(/usr/share/texmf-texlive/tex/latex/graphics/graphicx.sty
Package: graphicx 1999/02/16 v1.0f Enhanced LaTeX Graphics (DPC,SPQR)

(/usr/share/texmf-texlive/tex/latex/graphics/graphics.sty
Package: graphics 2009/02/05 v1.0o Standard LaTeX Graphics (DPC,SPQR)

(/usr/share/texmf-texlive/tex/latex/graphics/trig.sty
Package: trig 1999/03/16 v1.09 sin cos tan (DPC)
)
(/etc/texmf/tex/latex/config/graphics.cfg
File: graphics.cfg 2009/08/28 v1.8 graphics configuration of TeX Live
)
Package graphics Info: Driver file: pdftex.def on input line 91.

(/usr/share/texmf-texlive/tex/latex/pdftex-def/pdftex.def
File: pdftex.def 2010/03/12 v0.04p Graphics/color for pdfTeX
\Gread@gobject=\count96
))
\Gin@req@height=\dimen107
\Gin@req@width=\dimen108
)
(/usr/share/texmf-texlive/tex/latex/rotating/rotating.sty
Package: rotating 2009/03/28 v2.16a rotated objects in LaTeX

(/usr/share/texmf-texlive/tex/latex/base/ifthen.sty
Package: ifthen 2001/05/26 v1.1c Standard LaTeX ifthen package (DPC)
)
\c@r@tfl@t=\count97
\rotFPtop=\skip43
\rotFPbot=\skip44
\rot@float@box=\box26
\rot@mess@toks=\toks16
)
(/usr/share/texmf-texlive/tex/latex/amsfonts/amssymb.sty
Package: amssymb 2009/06/22 v3.00

(/usr/share/texmf-texlive/tex/latex/amsfonts/amsfonts.sty
Package: amsfonts 2009/06/22 v3.00 Basic AMSFonts support
\@emptytoks=\toks17
\symAMSa=\mathgroup4
\symAMSb=\mathgroup5
LaTeX Font Info:    Overwriting math alphabet `\mathfrak' in version `bold'
(Font)                  U/euf/m/n --> U/euf/b/n on input line 96.
))
(/usr/share/texmf-texlive/tex/latex/amsmath/amsmath.sty
Package: amsmath 2000/07/18 v2.13 AMS math features
\@mathmargin=\skip45

For additional information on amsmath, use the `?' option.
(/usr/share/texmf-texlive/tex/latex/amsmath/amstext.sty
Package: amstext 2000/06/29 v2.01

(/usr/share/texmf-texlive/tex/latex/amsmath/amsgen.sty
File: amsgen.sty 1999/11/30 v2.0
\@emptytoks=\toks18
\ex@=\dimen109
))
(/usr/share/texmf-texlive/tex/latex/amsmath/amsbsy.sty
Package: amsbsy 1999/11/29 v1.2d
\pmbraise@=\dimen110
)
(/usr/share/texmf-texlive/tex/latex/amsmath/amsopn.sty
Package: amsopn 1999/12/14 v2.01 operator names
)
\inf@bad=\count98
LaTeX Info: Redefining \frac on input line 211.
\uproot@=\count99
\leftroot@=\count100
LaTeX Info: Redefining \overline on input line 307.
\classnum@=\count101
\DOTSCASE@=\count102
LaTeX Info: Redefining \ldots on input line 379.
LaTeX Info: Redefining \dots on input line 382.
LaTeX Info: Redefining \cdots on input line 467.
\Mathstrutbox@=\box27
\strutbox@=\box28
\big@size=\dimen111
LaTeX Font Info:    Redeclaring font encoding OML on input line 567.
LaTeX Font Info:    Redeclaring font encoding OMS on input line 568.
\macc@depth=\count103
\c@MaxMatrixCols=\count104
\dotsspace@=\muskip11
\c@parentequation=\count105
\dspbrk@lvl=\count106
\tag@help=\toks19
\row@=\count107
\column@=\count108
\maxfields@=\count109
\andhelp@=\toks20
\eqnshift@=\dimen112
\alignsep@=\dimen113
\tagshift@=\dimen114
\tagwidth@=\dimen115
\totwidth@=\dimen116
\lineht@=\dimen117
\@envbody=\toks21
\multlinegap=\skip46
\multlinetaggap=\skip47
\mathdisplay@stack=\toks22
LaTeX Info: Redefining \[ on input line 2666.
LaTeX Info: Redefining \] on input line 2667.
)
(/usr/share/texmf-texlive/tex/latex/amscls/amsthm.sty
Package: amsthm 2004/08/06 v2.20
\thm@style=\toks23
\thm@bodyfont=\toks24
\thm@headfont=\toks25
\thm@notefont=\toks26
\thm@headpunct=\toks27
\thm@preskip=\skip48
\thm@postskip=\skip49
\thm@headsep=\skip50
\dth@everypar=\toks28
)
(/usr/share/texmf-texlive/tex/latex/graphics/color.sty
Package: color 2005/11/14 v1.0j Standard LaTeX Color (DPC)

(/etc/texmf/tex/latex/config/color.cfg
File: color.cfg 2007/01/18 v1.5 color configuration of teTeX/TeXLive
)
Package color Info: Driver file: pdftex.def on input line 130.
)
\cwidth=\skip51
\c@thm=\count110
\c@cor=\count111
\c@conj=\count112
\@indexfile=\write3
\openout3 = `GIAM.idx'.


Writing index file GIAM.idx
(./GIAM.aux (./intro.aux) (./logic.aux) (./proof1.aux) (./sets.aux

LaTeX Warning: Label `tab:set_equiv' multiply defined.

) (./proof2.aux) (./rel.aux) (./proof3.aux) (./card.aux) (./proof4.aux)
(./fdl-1.3.aux))
\openout1 = `GIAM.aux'.

LaTeX Font Info:    Checking defaults for OML/cmm/m/it on input line 114.
LaTeX Font Info:    ... okay on input line 114.
LaTeX Font Info:    Checking defaults for T1/cmr/m/n on input line 114.
LaTeX Font Info:    ... okay on input line 114.
LaTeX Font Info:    Checking defaults for OT1/cmr/m/n on input line 114.
LaTeX Font Info:    ... okay on input line 114.
LaTeX Font Info:    Checking defaults for OMS/cmsy/m/n on input line 114.
LaTeX Font Info:    ... okay on input line 114.
LaTeX Font Info:    Checking defaults for OMX/cmex/m/n on input line 114.
LaTeX Font Info:    ... okay on input line 114.
LaTeX Font Info:    Checking defaults for U/cmr/m/n on input line 114.
LaTeX Font Info:    ... okay on input line 114.
LaTeX Font Info:    Checking defaults for PD1/pdf/m/n on input line 114.
LaTeX Font Info:    ... okay on input line 114.
Package hyperref Info: Link coloring ON on input line 114.
 (/usr/share/texmf-texlive/tex/latex/hyperref/nameref.sty
Package: nameref 2007/05/29 v2.31 Cross-referencing by name of section

(/usr/share/texmf-texlive/tex/latex/oberdiek/refcount.sty
Package: refcount 2008/08/11 v3.1 Data extraction from references (HO)
)
\c@section@level=\count113
)
LaTeX Info: Redefining \ref on input line 114.
LaTeX Info: Redefining \pageref on input line 114.
 (./GIAM.out)
(./GIAM.out)
\@outlinefile=\write4
\openout4 = `GIAM.out'.

\AtBeginShipoutBox=\box29
 (/usr/share/texmf-texlive/tex/context/base/supp-pdf.mkii
[Loading MPS to PDF converter (version 2006.09.02).]
\scratchcounter=\count114
\scratchdimen=\dimen118
\scratchbox=\box30
\nofMPsegments=\count115
\nofMParguments=\count116
\everyMPshowfont=\toks29
\MPscratchCnt=\count117
\MPscratchDim=\dimen119
\MPnumerator=\count118
\everyMPtoPDFconversion=\toks30
)
LaTeX Font Info:    Try loading font information for U+msa on input line 123.
 (/usr/share/texmf-texlive/tex/latex/amsfonts/umsa.fd
File: umsa.fd 2009/06/22 v3.00 AMS symbols A
)
LaTeX Font Info:    Try loading font information for U+msb on input line 123.

(/usr/share/texmf-texlive/tex/latex/amsfonts/umsb.fd
File: umsb.fd 2009/06/22 v3.00 AMS symbols B
) [1



{/var/lib/texmf/fonts/map/pdftex/updmap/pdftex.map}]
LaTeX Font Info:    Try loading font information for OMS+cmr on input line 131.


(/usr/share/texmf-texlive/tex/latex/base/omscmr.fd
File: omscmr.fd 1999/05/25 v2.5h Standard LaTeX font definitions
)
LaTeX Font Info:    Font shape `OMS/cmr/m/n' in size <12> not available
(Font)              Font shape `OMS/cmsy/m/n' tried instead on input line 131.
 [2

] [3

] [4


] (./GIAM.toc
[5] [6])
\tf@toc=\write5
\openout5 = `GIAM.toc'.

 [7] [8

] (./GIAM.lof [9])
\tf@lof=\write6
\openout6 = `GIAM.lof'.

 [10] (./GIAM.lot)
\tf@lot=\write7
\openout7 = `GIAM.lot'.

 (./pref1.tex [11

] [12

]
Underfull \vbox (badness 5847) has occurred while \output is active []

 [13]
[14]) (./pref2.tex [15] [16

]
Underfull \vbox (badness 5847) has occurred while \output is active []

 [17]
[18] [19] [20]) [21] [22

]
\openout2 = `intro.aux'.

 (./intro.tex
Chapter 1.
[1


] [2] [3] [4]
Underfull \vbox (badness 2088) has occurred while \output is active []

 [5]
Underfull \vbox (badness 4156) has occurred while \output is active []

 [6]
[7] [8] (./intro-basic-exer.tex [9] [10]) [11]
Underfull \vbox (badness 1226) has occurred while \output is active []

 [12]
[13] (./figures/Eratosthenes.tex
<figures/Eratosthenes.pdf, id=645, 360.34625pt x 183.68625pt>
File: figures/Eratosthenes.pdf Graphic file (type pdf)

<use figures/Eratosthenes.pdf>) [14] [15 <./figures/Eratosthenes.pdf>]
Overfull \hbox (35.87526pt too wide) in paragraph at lines 495--567
[]  []
 []


Underfull \hbox (badness 10000) in paragraph at lines 495--567

 []


Overfull \vbox (43.73538pt too high) has occurred while \output is active []


[16] [17] (./intro-def-exer.tex [18

]
Overfull \hbox (8.45142pt too wide) in paragraph at lines 50--52
[]\OT1/cmr/m/n/12 Characterize the prime fac-tor-iza-tions of num-bers that are
 per-fect squares. 
 []

[19]) [20]
Underfull \vbox (badness 10000) has occurred while \output is active []

 [21]
[22] (./intro-scary-exer.tex) [23]
Underfull \vbox (badness 1168) has occurred while \output is active []

 [24]
[25]
Overfull \hbox (5.96893pt too wide) detected at line 786
\OT1/cmr/m/n/12 4 \OMS/cmsy/m/n/12 ^^A \OT1/cmr/m/n/12 7[] + 5 \OMS/cmsy/m/n/12
 ^^A \OT1/cmr/m/n/12 7[] + 1 \OMS/cmsy/m/n/12 ^^A \OT1/cmr/m/n/12 7[] + 6 \OMS/
cmsy/m/n/12 ^^A \OT1/cmr/m/n/12 7[] + 6 \OMS/cmsy/m/n/12 ^^A \OT1/cmr/m/n/12 7 
+ 3 = 4 \OMS/cmsy/m/n/12 ^^A \OT1/cmr/m/n/12 16807 + 5 \OMS/cmsy/m/n/12 ^^A \OT
1/cmr/m/n/12 2401 + 1 \OMS/cmsy/m/n/12 ^^A \OT1/cmr/m/n/12 343 + 6 \OMS/cmsy/m/
n/12 ^^A \OT1/cmr/m/n/12 49 + 6 \OMS/cmsy/m/n/12 ^^A \OT1/cmr/m/n/12 7 + 3 = 79
915\OML/cmm/m/it/12 :
 []


Underfull \vbox (badness 7012) has occurred while \output is active []

 [26]
[27]
Underfull \vbox (badness 1237) has occurred while \output is active []

 [28]
[29] [30] [31] [32] [33] (./intro-num_thry-exer.tex [34] [35] [36]) [37]
[38] [39] (./figures/if-then_flowchart.tex
<figures/if-then_flowchart.pdf, id=842, 172.645pt x 199.74625pt>
File: figures/if-then_flowchart.pdf Graphic file (type pdf)

<use figures/if-then_flowchart.pdf>)
Underfull \hbox (badness 10000) in paragraph at lines 1155--1161

 []


Underfull \hbox (badness 10000) in paragraph at lines 1155--1161

 []


Underfull \hbox (badness 10000) in paragraph at lines 1155--1161

 []

[40 <./figures/if-then_flowchart.pdf>]
Underfull \hbox (badness 10000) in paragraph at lines 1202--1215

 []


Underfull \hbox (badness 10000) in paragraph at lines 1202--1215

 []

(./figures/div_alg_flowchart.tex
<figures/div_alg_flowchart.pdf, id=850, 294.09875pt x 375.4025pt>
File: figures/div_alg_flowchart.pdf Graphic file (type pdf)

<use figures/div_alg_flowchart.pdf>) [41]
Underfull \vbox (badness 10000) has occurred while \output is active []

 [42 <./figures/div_alg_flowchart.pdf>]
Underfull \hbox (badness 10000) in paragraph at lines 1274--1286

 []


Underfull \hbox (badness 10000) in paragraph at lines 1274--1286

 []


Underfull \vbox (badness 10000) has occurred while \output is active []

 [43]
(./figures/Euc_alg_flowchart.tex
<figures/Euc_alg_flowchart.pdf, id=866, 212.795pt x 357.335pt>
File: figures/Euc_alg_flowchart.pdf Graphic file (type pdf)

<use figures/Euc_alg_flowchart.pdf>) [44] [45 <./figures/Euc_alg_flowchart.pdf>
] [46

] (./intro-algo-exer.tex) [47] [48] [49] [50] [51] (./intro-rat-exer.tex
Overfull \hbox (2.2445pt too wide) in paragraph at lines 19--21
[]\OT1/cmr/m/n/12 Consider the bi-nary num-ber $\OML/cmm/m/it/12 :\OT1/cmr/m/n/
12 1010010001000010000010000001 []$, is this
 []

) [52] [53]
Underfull \vbox (badness 2435) has occurred while \output is active []

 [54]
(./figures/betweenness_example.tex
<figures/betweenness_example.pdf, id=932, 216.81pt x 197.73875pt>
File: figures/betweenness_example.pdf Graphic file (type pdf)

<use figures/betweenness_example.pdf>) [55 <./figures/betweenness_example.pdf>]
[56] (./intro-rel-exer.tex [57])) [58]
\openout2 = `logic.aux'.

 (./logic.tex
Chapter 2.
[59



] [60] [61] [62] [63] (./figures/transistor.tex
<figures/transistor.pdf, id=991, 212.795pt x 113.42375pt>
File: figures/transistor.pdf Graphic file (type pdf)

<use figures/transistor.pdf>) (./figures/series.tex
<figures/series.pdf, id=993, 344.28625pt x 118.4425pt>
File: figures/series.pdf Graphic file (type pdf)

<use figures/series.pdf>) [64 <./figures/transistor.pdf>]
(./figures/parallel.tex
<figures/parallel.pdf, id=1001, 371.3875pt x 181.67876pt>
File: figures/parallel.pdf Graphic file (type pdf)

<use figures/parallel.pdf>) [65 <./figures/series.pdf> <./figures/parallel.pdf>
] (./figures/gates.tex <figures/gates.pdf, id=1010, 253.94875pt x 163.61125pt>
File: figures/gates.pdf Graphic file (type pdf)

<use figures/gates.pdf>) (./figures/3_ands.tex
<figures/3_ands.pdf, id=1012, 402.50375pt x 281.05pt>
File: figures/3_ands.pdf Graphic file (type pdf)
 <use figures/3_ands.pdf>) [66 <./figures/gates.pdf>] [67 <./figures/3_ands.pdf
>]
(./figures/recognizers.tex
<figures/recognizers.pdf, id=1025, 380.42125pt x 199.74625pt>
File: figures/recognizers.pdf Graphic file (type pdf)

<use figures/recognizers.pdf>)
Underfull \vbox (badness 10000) has occurred while \output is active []

 [68]
(./figures/logic_circuit.tex
<figures/logic_circuit.pdf, id=1031, 398.48875pt x 299.1175pt>
File: figures/logic_circuit.pdf Graphic file (type pdf)

<use figures/logic_circuit.pdf>)
Overfull \hbox (7.61496pt too wide) in paragraph at lines 3--341
 [][] 
 []

[69 <./figures/recognizers.pdf>] [70 <./figures/logic_circuit.pdf>]
(./logic-pred-exer.tex [71]) [72]
Underfull \vbox (badness 1748) has occurred while \output is active []

 [73]
[74] [75] <figures/horiz_arrows.pdf, id=1073, 73.27374pt x 6.0225pt>
File: figures/horiz_arrows.pdf Graphic file (type pdf)

<use figures/horiz_arrows.pdf>
<figures/vert_arrows.pdf, id=1074, 6.0225pt x 73.27374pt>
File: figures/vert_arrows.pdf Graphic file (type pdf)

<use figures/vert_arrows.pdf> [76 <./figures/horiz_arrows.pdf> <./figures/vert_
arrows.pdf>] (./logic-impl-exer.tex
Overfull \hbox (11.63203pt too wide) in paragraph at lines 19--21
[]\OT1/cmr/m/n/12 Why is it that the sen-tence ``If pigs can fly, I am the king
 of Mesopotamia.''
 []

[77]) [78] [79] (./figures/comm_conj.tex
<figures/comm_conj.pdf, id=1113, 308.15125pt x 158.5925pt>
File: figures/comm_conj.pdf Graphic file (type pdf)

<use figures/comm_conj.pdf>) [80] (./figures/comm_disj.tex
<figures/comm_disj.pdf, id=1118, 312.16624pt x 154.5775pt>
File: figures/comm_disj.pdf Graphic file (type pdf)

<use figures/comm_disj.pdf>) [81 <./figures/comm_conj.pdf> <./figures/comm_disj
.pdf>] (./figures/assoc_conj.tex
<figures/assoc_conj.pdf, id=1128, 411.5375pt x 203.76125pt>
File: figures/assoc_conj.pdf Graphic file (type pdf)

<use figures/assoc_conj.pdf>)
Overfull \hbox (21.16591pt too wide) in paragraph at lines 3--658
 [][] 
 []

(./figures/assoc_disj.tex
<figures/assoc_disj.pdf, id=1129, 366.36874pt x 194.7275pt>
File: figures/assoc_disj.pdf Graphic file (type pdf)

<use figures/assoc_disj.pdf>) [82 <./figures/assoc_conj.pdf> <./figures/assoc_d
isj.pdf>] (./figures/dist_2x3+4.tex
<figures/dist_2x3+4.pdf, id=1138, 194.7275pt x 95.35625pt>
File: figures/dist_2x3+4.pdf Graphic file (type pdf)

<use figures/dist_2x3+4.pdf>) (./figures/dist_and_o_or.tex
<figures/dist_and_o_or.pdf, id=1139, 447.6725pt x 221.82875pt>
File: figures/dist_and_o_or.pdf Graphic file (type pdf)

<use figures/dist_and_o_or.pdf>)
Overfull \hbox (57.30177pt too wide) in paragraph at lines 3--695
 [][] 
 []


Underfull \vbox (badness 10000) has occurred while \output is active []

 [83 <./figures/dist_2x3+4.pdf>] (./figures/dist_or_o_and.tex
<figures/dist_or_o_and.pdf, id=1146, 447.6725pt x 217.81375pt>
File: figures/dist_or_o_and.pdf Graphic file (type pdf)

<use figures/dist_or_o_and.pdf>)
Overfull \hbox (57.30177pt too wide) in paragraph at lines 3--704
 [][] 
 []

[84 <./figures/dist_and_o_or.pdf> <./figures/dist_or_o_and.pdf>] [85] [86]
Overfull \hbox (19.19995pt too wide) in paragraph at lines 832--885
 [] 
 []

[87] [88] (./logic-le-exer.tex [89

] [90]
Underfull \hbox (badness 10000) in paragraph at lines 71--73

 []


Underfull \hbox (badness 10000) in paragraph at lines 74--75

 []

[91]
Overfull \hbox (1.34079pt too wide) in paragraph at lines 88--96
\OT1/cmr/m/n/12 Finally, since Bona-parte is a knight, Welling-ton is a knave. 

 []

) [92]
Underfull \vbox (badness 3009) has occurred while \output is active []

 [93]
[94] [95] (./logic-2_col-exer.tex) [96

] [97] [98] [99] [100] [101] [102]
[103] (./logic-quant-exer.tex [104

]) [105]
Overfull \hbox (2.0358pt too wide) in paragraph at lines 1284--1284
[]\OT1/cmr/bx/n/17.28 Deductive rea-son-ing and Ar-gu-ment forms 
 []


Underfull \vbox (badness 10000) has occurred while \output is active []

 [106]
Underfull \vbox (badness 2435) has occurred while \output is active []

 [107]
[108] [109] [110] [111] [112

] (./logic-deduct-exer.tex [113]) [114]
Underfull \hbox (badness 2521) in paragraph at lines 1639--1640
[]\OT1/cmr/m/n/12 subtracting $\OML/cmm/m/it/12 b[]$ \OT1/cmr/m/n/12 from both
 []

[115] [116] [117] [118]
Overfull \hbox (5.158pt too wide) in paragraph at lines 1800--1805
[]\OT1/cmr/m/n/12 If we re-placed the con-di-tional in this ar-gu-ment form by 
its \OT1/cmr/m/it/12 in-verse \OT1/cmr/m/n/12 ($\OMS/cmsy/m/n/12 :\OML/cmm/m/it
/12 A  \OT1/cmr/m/n/12 =[]\OMS/cmsy/m/n/12 )
 []

[119] (./logic-valid-exer.tex [120

] [121]
Underfull \hbox (badness 10000) in paragraph at lines 84--86

 []

)) [122]
\openout2 = `proof1.aux'.

 (./proof1.tex
Chapter 3.
[123



] [124] [125] [126]

LaTeX Warning: Float too large for page by 13.56673pt on input line 200.

[127] [128] [129

] [130] [131] [132] [133] (./proof1-direct-exer.tex [134

])
[135] [136] [137] [138] (./proof1-more-exer.tex [139

]) [140] [141] [142]
[143] [144] (./figures/Non-isosceles.tex
<figures/Non-isosceles.pdf, id=1546, 234.8775pt x 237.88875pt>
File: figures/Non-isosceles.pdf Graphic file (type pdf)

<use figures/Non-isosceles.pdf>) [145 <./figures/Non-isosceles.pdf>]
(./proof1-contra-exer.tex) [146

] [147] [148] [149] (./proof1-disproofs-exer.tex [150

]) [151] [152] (./figures/Luxembourg.tex
<figures/Luxembourg.pdf, id=1616, 163.61125pt x 118.4425pt>
File: figures/Luxembourg.pdf Graphic file (type pdf)

<use figures/Luxembourg.pdf>) [153 <./figures/Luxembourg.pdf>] [154] [155]
(./figures/pebbling.tex <figures/pebbling.pdf, id=1640, 381.425pt x 196.735pt>
File: figures/pebbling.pdf Graphic file (type pdf)

<use figures/pebbling.pdf>) (./figures/pebbling_move.tex
<figures/pebbling_move.pdf, id=1641, 381.425pt x 191.71625pt>
File: figures/pebbling_move.pdf Graphic file (type pdf)

<use figures/pebbling_move.pdf>) [156 <./figures/pebbling.pdf>] [157 <./figures
/pebbling_move.pdf>] [158] (./proof1-cases-exer.tex [159

]) [160]
Underfull \vbox (badness 10000) has occurred while \output is active []

 [161]
[162] [163] [164] (./figures/Z-module.tex
<figures/Z-module.pdf, id=1705, 366.36874pt x 327.2225pt>
File: figures/Z-module.pdf Graphic file (type pdf)

<use figures/Z-module.pdf>) [165] [166 <./figures/Z-module.pdf>] [167]
(./proof1-exist-exer.tex (./figures/sci-pap-roc.tex
<figures/sci-pap-roc.pdf, id=1725, 201.75375pt x 134.5025pt>
File: figures/sci-pap-roc.pdf Graphic file (type pdf)

<use figures/sci-pap-roc.pdf>))) [168

 <./figures/sci-pap-roc.pdf>]
\openout2 = `sets.aux'.

 (./sets.tex
Chapter 4.
[169



] [170] [171] [172] [173] [174] (./sets-basic-exer.tex
Overfull \hbox (54.86035pt too wide) in paragraph at lines 25--27
[]\OT1/cmr/m/n/12 How many 8 el-e-ment sub-sets are there in $\OMS/cmsy/m/n/12 
P\OT1/cmr/m/n/12 (\OMS/cmsy/m/n/12 f\OML/cmm/m/it/12 a; b; c; d; e; f; g; h; i;
 j; k; l; m; n; o; p\OMS/cmsy/m/n/12 g\OT1/cmr/m/n/12 )$? 
 []

) [175

] [176] [177] [178] [179] (./sets-contain-exer.tex) [180

] [181] [182]
(./set-theoretic-equivalences.tex) [183] [184] [185

] [186] [187]
Overfull \hbox (73.99493pt too wide) in paragraph at lines 595--606
[][] 
 []

[188] (./sets-ops-exer.tex [189

] [190] [191

]) [192]
Overfull \hbox (4.72229pt too wide) in paragraph at lines 618--639
\OT1/cmr/m/n/12 Hopefully, you've seen []Venn di-a-grams be-fore, but pos-si-bl
y you haven't thought
 []

(./figures/first_Venn.tex
<figures/first_Venn.pdf, id=1894, 367.3725pt x 218.8175pt>
File: figures/first_Venn.pdf Graphic file (type pdf)

<use figures/first_Venn.pdf>)
Underfull \vbox (badness 3375) has occurred while \output is active []

 [193 <./figures/first_Venn.pdf>] (./figures/4set_Venn.tex
<figures/4set_Venn.pdf, id=1901, 367.3725pt x 322.20375pt>
File: figures/4set_Venn.pdf Graphic file (type pdf)

<use figures/4set_Venn.pdf>) [194 <./figures/4set_Venn.pdf>]
(./figures/silly_universe.tex
<figures/silly_universe.pdf, id=1908, 363.3575pt x 236.885pt>
File: figures/silly_universe.pdf Graphic file (type pdf)

<use figures/silly_universe.pdf>) (./figures/silly_w_sets.tex
<figures/silly_w_sets.pdf, id=1909, 363.3575pt x 236.885pt>
File: figures/silly_w_sets.pdf Graphic file (type pdf)

<use figures/silly_w_sets.pdf>)
Underfull \vbox (badness 10000) has occurred while \output is active []

 [195 <./figures/silly_universe.pdf>] (./figures/silly_w_counter_ex.tex
<figures/silly_w_counter_ex.pdf, id=1917, 363.3575pt x 236.885pt>
File: figures/silly_w_counter_ex.pdf Graphic file (type pdf)

<use figures/silly_w_counter_ex.pdf>) [196 <./figures/silly_w_sets.pdf> <./figu
res/silly_w_counter_ex.pdf>] (./figures/Venn_showing_implies.tex
<figures/Venn_showing_implies.pdf, id=1926, 254.9525pt x 146.5475pt>
File: figures/Venn_showing_implies.pdf Graphic file (type pdf)

<use figures/Venn_showing_implies.pdf>) (./figures/disjoint_Venn.tex
<figures/disjoint_Venn.pdf, id=1927, 254.9525pt x 146.5475pt>
File: figures/disjoint_Venn.pdf Graphic file (type pdf)

<use figures/disjoint_Venn.pdf>)
Underfull \vbox (badness 10000) has occurred while \output is active []

 [197 <./figures/Venn_showing_implies.pdf>] (./figures/containment_Venn.tex
<figures/containment_Venn.pdf, id=1934, 254.9525pt x 146.5475pt>
File: figures/containment_Venn.pdf Graphic file (type pdf)

<use figures/containment_Venn.pdf>) (./figures/general_Venn.tex
<figures/general_Venn.pdf, id=1935, 254.9525pt x 146.5475pt>
File: figures/general_Venn.pdf Graphic file (type pdf)

<use figures/general_Venn.pdf>)
Underfull \vbox (badness 3029) has occurred while \output is active []

 [198 <./figures/disjoint_Venn.pdf> <./figures/containment_Venn.pdf>]
(./figures/3set_Venn_gen_pos.tex
<figures/3set_Venn_gen_pos.pdf, id=1944, 367.3725pt x 322.20375pt>
File: figures/3set_Venn_gen_pos.pdf Graphic file (type pdf)

<use figures/3set_Venn_gen_pos.pdf>)
Underfull \vbox (badness 10000) has occurred while \output is active []

 [199 <./figures/general_Venn.pdf>] [200 <./figures/3set_Venn_gen_pos.pdf>]
(./sets-venn-exer.tex
Underfull \hbox (badness 1275) in paragraph at lines 16--18
\OT1/cmr/m/n/12 Therefore Socrates is
 []

[201

]) [202] [203] [204] [205] (./sets-russell-exer.tex)) [206

]
\openout2 = `proof2.aux'.

 (./proof2.tex
Chapter 5.
[207



] <photos/domino_row.jpg, id=2004, 864.22874pt x 1352.05125pt>
File: photos/domino_row.jpg Graphic file (type jpg)

<use photos/domino_row.jpg> [208] [209 <./photos/domino_row.jpg>]
Underfull \hbox (badness 3343) in paragraph at lines 99--99
[]\OT1/cmr/m/n/12 (Here we must show
 []


Underfull \hbox (badness 3343) in paragraph at lines 105--105
[]\OT1/cmr/m/n/12 (Here we must show
 []

[210] [211] [212] [213]
Overfull \hbox (2.45457pt too wide) in paragraph at lines 263--271
\OT1/cmr/m/n/12 struct two sets of $\OML/cmm/m/it/12 k$ \OT1/cmr/m/n/12 horses.
 Sup-pose $\OML/cmm/m/it/12 H \OT1/cmr/m/n/12 = \OMS/cmsy/m/n/12 f\OML/cmm/m/it
/12 h[]; h[]; h[]; [] h[]\OMS/cmsy/m/n/12 g$\OT1/cmr/m/n/12 .
 []

[214] (./figures/straight_trominoe.tex
<figures/straight_trominoe.pdf, id=2044, 56.21pt x 20.075pt>
File: figures/straight_trominoe.pdf Graphic file (type pdf)

<use figures/straight_trominoe.pdf>) (./figures/L-shaped_trominoe.tex
<figures/L-shaped_trominoe.pdf, id=2045, 38.1425pt x 38.1425pt>
File: figures/L-shaped_trominoe.pdf Graphic file (type pdf)

<use figures/L-shaped_trominoe.pdf>) [215 <./figures/straight_trominoe.pdf> <./
figures/L-shaped_trominoe.pdf>] [216] [217] [218] [219] [220] [221] [222]
[223] [224] [225] (./figures/triangular_numbers.tex
<figures/triangular_numbers.pdf, id=2112, 359.3425pt x 66.2475pt>
File: figures/triangular_numbers.pdf Graphic file (type pdf)

<use figures/triangular_numbers.pdf>) [226 <./figures/triangular_numbers.pdf>]
Overfull \hbox (13.24936pt too wide) detected at line 652
\OML/cmm/m/it/12 F[] \OT1/cmr/m/n/12 = 1\OML/cmm/m/it/12 ; F[] \OT1/cmr/m/n/12 
= 1\OML/cmm/m/it/12 ; F[] \OT1/cmr/m/n/12 = 2\OML/cmm/m/it/12 ; F[] \OT1/cmr/m/
n/12 = 3\OML/cmm/m/it/12 ; F[] \OT1/cmr/m/n/12 = 5\OML/cmm/m/it/12 ; F[] \OT1/c
mr/m/n/12 = 8\OML/cmm/m/it/12 ; F[] \OT1/cmr/m/n/12 = 13\OML/cmm/m/it/12 ; F[] 
\OT1/cmr/m/n/12 = 21\OML/cmm/m/it/12 ;  []
 []

[227] [228] [229] [230] [231] [232] [233] [234] [235]
Underfull \hbox (badness 10000) in paragraph at lines 980--982
[]\OT1/cmr/m/n/12 (Technically, a PCI
 []


Underfull \hbox (badness 3343) in paragraph at lines 988--988
[]\OT1/cmr/m/n/12 (Here we must show
 []

[236] [237]) [238]
\openout2 = `rel.aux'.

 (./rel.tex
Chapter 6.
[239



] (./figures/first_relation.tex
<figures/first_relation.pdf, id=2207, 262.9825pt x 208.78pt>
File: figures/first_relation.pdf Graphic file (type pdf)

<use figures/first_relation.pdf>) [240 <./figures/first_relation.pdf>]
(./figures/2nd_relation.tex
<figures/2nd_relation.pdf, id=2216, 262.9825pt x 208.78pt>
File: figures/2nd_relation.pdf Graphic file (type pdf)

<use figures/2nd_relation.pdf>) [241 <./figures/2nd_relation.pdf>]
(./figures/2nd_relation_v2.tex
<figures/2nd_relation_v2.pdf, id=2224, 127.47626pt x 217.81375pt>
File: figures/2nd_relation_v2.pdf Graphic file (type pdf)

<use figures/2nd_relation_v2.pdf>) [242 <./figures/2nd_relation_v2.pdf>]
[243] (./figures/less_than_on_RxR.tex
<figures/less_than_on_RxR.pdf, id=2238, 200.75pt x 200.75pt>
File: figures/less_than_on_RxR.pdf Graphic file (type pdf)

<use figures/less_than_on_RxR.pdf>) (./figures/divides_on_NxN.tex
<figures/divides_on_NxN.pdf, id=2240, 200.75pt x 200.75pt>
File: figures/divides_on_NxN.pdf Graphic file (type pdf)

<use figures/divides_on_NxN.pdf>) [244] [245 <./figures/less_than_on_RxR.pdf> <
./figures/divides_on_NxN.pdf>] [246] (./figures/composite_relation.tex
<figures/composite_relation.pdf, id=2257, 376.40625pt x 227.85126pt>
File: figures/composite_relation.pdf Graphic file (type pdf)

<use figures/composite_relation.pdf>)
Overfull \hbox (3.49803pt too wide) in paragraph at lines 3--252
[][][] 
 []


LaTeX Font Warning: Font shape `OT1/cmss/m/it' in size <12> not available
(Font)              Font shape `OT1/cmss/m/sl' tried instead on input line 254.


[247 <./figures/composite_relation.pdf>] (./rel-rel-exer.tex) [248] [249]
Overfull \hbox (2.61108pt too wide) in paragraph at lines 315--317
[][] []
 []


Overfull \hbox (2.61108pt too wide) in paragraph at lines 319--321
[][] []
 []


Overfull \hbox (2.61108pt too wide) in paragraph at lines 323--325
[][] []
 []


Overfull \hbox (2.61108pt too wide) in paragraph at lines 327--329
[][] []
 []


Overfull \hbox (2.61108pt too wide) in paragraph at lines 331--333
[][] []
 []

[250

] (./figures/vacuously_symmetric.tex
<figures/vacuously_symmetric.pdf, id=2289, 217.81375pt x 110.4125pt>
File: figures/vacuously_symmetric.pdf Graphic file (type pdf)

<use figures/vacuously_symmetric.pdf>)
Underfull \vbox (badness 10000) has occurred while \output is active []

 [251]
Overfull \hbox (58.74939pt too wide) in paragraph at lines 392--394
[] 
 []


Overfull \hbox (58.74939pt too wide) in paragraph at lines 401--403
[] 
 []

[252 <./figures/vacuously_symmetric.pdf>]
Overfull \hbox (58.74939pt too wide) in paragraph at lines 433--435
[] 
 []

[253] (./figures/not_reflexive.tex
<figures/not_reflexive.pdf, id=2304, 217.81375pt x 110.4125pt>
File: figures/not_reflexive.pdf Graphic file (type pdf)

<use figures/not_reflexive.pdf>) (./figures/not_irreflexive.tex
<figures/not_irreflexive.pdf, id=2305, 217.81375pt x 128.48pt>
File: figures/not_irreflexive.pdf Graphic file (type pdf)

<use figures/not_irreflexive.pdf>) (./figures/not_symmetric.tex
<figures/not_symmetric.pdf, id=2306, 217.81375pt x 123.46124pt>
File: figures/not_symmetric.pdf Graphic file (type pdf)

<use figures/not_symmetric.pdf>) [254 <./figures/not_reflexive.pdf> <./figures/
not_irreflexive.pdf> <./figures/not_symmetric.pdf>]
(./figures/not_anti-symmetric.tex
<figures/not_anti-symmetric.pdf, id=2317, 217.81375pt x 123.46124pt>
File: figures/not_anti-symmetric.pdf Graphic file (type pdf)

<use figures/not_anti-symmetric.pdf>) (./figures/not_transitive.tex
<figures/not_transitive.pdf, id=2318, 217.81375pt x 119.44624pt>
File: figures/not_transitive.pdf Graphic file (type pdf)

<use figures/not_transitive.pdf>) [255 <./figures/not_anti-symmetric.pdf> <./fi
gures/not_transitive.pdf>] (./rel-properties-exer.tex
Overfull \hbox (72.9494pt too wide) in paragraph at lines 5--8
[]\OT1/cmr/m/n/12 Consider the re-la-tion $[]$ de-fined by $[] = \OMS/cmsy/m/n/
12 f\OT1/cmr/m/n/12 (\OML/cmm/m/it/12 x; y\OT1/cmr/m/n/12 ) []  \OML/cmm/m/it/1
2 x [] y\OMS/cmsy/m/n/12 g$\OT1/cmr/m/n/12 .
 []

) [256] [257] [258] [259] [260] [261] (./figures/graph_examples.tex
<figures/graph_examples.pdf, id=2361, 371.3875pt x 124.465pt>
File: figures/graph_examples.pdf Graphic file (type pdf)

<use figures/graph_examples.pdf>) [262 <./figures/graph_examples.pdf>] [263]
(./rel-equiv-exer.tex
Overfull \hbox (72.9494pt too wide) in paragraph at lines 2--5
[]\OT1/cmr/m/n/12 Consider the re-la-tion $[]$ de-fined by $[] = \OMS/cmsy/m/n/
12 f\OT1/cmr/m/n/12 (\OML/cmm/m/it/12 x; y\OT1/cmr/m/n/12 ) []  \OML/cmm/m/it/1
2 x [] y\OMS/cmsy/m/n/12 g$\OT1/cmr/m/n/12 .
 []

(./figures/petersen_iso.tex
<figures/petersen_iso.pdf, id=2373, 431.6125pt x 207.77625pt>
File: figures/petersen_iso.pdf Graphic file (type pdf)

<use figures/petersen_iso.pdf>)
Overfull \hbox (21.55545pt too wide) in paragraph at lines 21--22
[][]   [][] 
 []


Underfull \vbox (badness 6927) has occurred while \output is active []

 [264]
[265 <./figures/petersen_iso.pdf>]) [266

] [267] (./figures/total_order.tex
<figures/total_order.pdf, id=2402, 248.93pt x 152.57pt>
File: figures/total_order.pdf Graphic file (type pdf)

<use figures/total_order.pdf>) (./figures/partial_order.tex
<figures/partial_order.pdf, id=2403, 239.89626pt x 189.70876pt>
File: figures/partial_order.pdf Graphic file (type pdf)

<use figures/partial_order.pdf>) [268 <./figures/total_order.pdf> <./figures/pa
rtial_order.pdf>] (./figures/Hasse_diagram.tex
<figures/Hasse_diagram.pdf, id=2413, 330.23375pt x 239.89626pt>
File: figures/Hasse_diagram.pdf Graphic file (type pdf)

<use figures/Hasse_diagram.pdf>) [269] (./figures/Hasse_for_subsets.tex
<figures/Hasse_for_subsets.pdf, id=2419, 253.94875pt x 224.84pt>
File: figures/Hasse_for_subsets.pdf Graphic file (type pdf)

<use figures/Hasse_for_subsets.pdf>) [270 <./figures/Hasse_diagram.pdf>]
(./figures/divisors_of_72.tex
<figures/divisors_of_72.pdf, id=2427, 370.38374pt x 248.93pt>
File: figures/divisors_of_72.pdf Graphic file (type pdf)

<use figures/divisors_of_72.pdf>) [271 <./figures/Hasse_for_subsets.pdf>]
[272 <./figures/divisors_of_72.pdf>] [273] (./rel-order-exer.tex
(./figures/ecosystem.tex
<figures/ecosystem.pdf, id=2445, 246.9225pt x 168.63pt>
File: figures/ecosystem.pdf Graphic file (type pdf)

<use figures/ecosystem.pdf>) [274 <./figures/ecosystem.pdf>]
Underfull \hbox (badness 2261) in paragraph at lines 31--32
[]\OT1/cmr/m/n/12 An (non-maximal) an-
 []

(./figures/0-3_dim_cubes.tex
<figures/0-3_dim_cubes.pdf, id=2453, 302.12875pt x 93.34875pt>
File: figures/0-3_dim_cubes.pdf Graphic file (type pdf)

<use figures/0-3_dim_cubes.pdf>) [275 <./figures/0-3_dim_cubes.pdf>]) [276]
[277] (./figures/generic_function.tex
<figures/generic_function.pdf, id=2477, 313.17pt x 217.81375pt>
File: figures/generic_function.pdf Graphic file (type pdf)

<use figures/generic_function.pdf>) [278 <./figures/generic_function.pdf>]
[279] [280] (./figures/square_n_squareroot.tex
<figures/square_n_squareroot.pdf, id=2495, 341.275pt x 146.5475pt>
File: figures/square_n_squareroot.pdf Graphic file (type pdf)

<use figures/square_n_squareroot.pdf>) [281 <./figures/square_n_squareroot.pdf>
] [282] [283] [284] [285] [286] [287] (./rel-functions-exer.tex [288]
(./figures/Cantor_snake.tex
<figures/Cantor_snake.pdf, id=2543, 358.33875pt x 316.18124pt>
File: figures/Cantor_snake.pdf Graphic file (type pdf)

<use figures/Cantor_snake.pdf>)
Underfull \vbox (badness 10000) has occurred while \output is active []

 [289])
[290 <./figures/Cantor_snake.pdf>] [291] (./figures/graph_o_sine.tex
<figures/graph_o_sine.pdf, id=2562, 291.0875pt x 263.98625pt>
File: figures/graph_o_sine.pdf Graphic file (type pdf)

<use figures/graph_o_sine.pdf>)
Overfull \hbox (19.21951pt too wide) in paragraph at lines 1389--1395
[]\OT1/cmr/m/n/12 If we re-strict the do-main of the sine func-tion to the clos
ed in-ter-val $[\OMS/cmsy/m/n/12 ^^@\OML/cmm/m/it/12 ^^Y=\OT1/cmr/m/n/12 2\OML/
cmm/m/it/12 ; ^^Y=\OT1/cmr/m/n/12 2]$,
 []

[292 <./figures/graph_o_sine.pdf>] [293] [294] [295] [296] [297] [298]
(./rel-special-exer.tex [299])) [300]
\openout2 = `proof3.aux'.

 (./proof3.tex
Chapter 7.
[301



] [302] (./figures/full_house_w_small_pair.tex
<figures/full_house_w_small_pair.pdf, id=2622, 254.9525pt x 38.1425pt>
File: figures/full_house_w_small_pair.pdf Graphic file (type pdf)

<use figures/full_house_w_small_pair.pdf>)
(./figures/full_house_w_large_pair.tex
<figures/full_house_w_large_pair.pdf, id=2623, 254.9525pt x 38.1425pt>
File: figures/full_house_w_large_pair.pdf Graphic file (type pdf)

<use figures/full_house_w_large_pair.pdf>) [303]
Underfull \vbox (badness 3471) has occurred while \output is active []

 [304 <./figures/full_house_w_small_pair.pdf> <./figures/full_house_w_large_pai
r.pdf>]
[305] [306] [307] [308] [309] [310] [311]
Underfull \vbox (badness 10000) has occurred while \output is active []

 [312]
[313]
Underfull \vbox (badness 1622) has occurred while \output is active []

 [314]
[315] (./proof3-counting-exer.tex
Overfull \hbox (2.84346pt too wide) in paragraph at lines 21--25
\OT1/cmr/m/n/12 cod-ing and cryp-tog-ra-phy. It con-sists of the first 6 let-te
rs, $\OMS/cmsy/m/n/12 f\OML/cmm/m/it/12 a; b; c; d; e; f\OMS/cmsy/m/n/12 g$\OT1
/cmr/m/n/12 .
 []

[316

]) [317] [318

] [319]
Underfull \vbox (badness 10000) has occurred while \output is active []

 [320]
Underfull \vbox (badness 10000) has occurred while \output is active []

 [321]
(./figures/konigsberg.tex
<figures/konigsberg.pdf, id=2737, 308.15125pt x 207.77625pt>
File: figures/konigsberg.pdf Graphic file (type pdf)

<use figures/konigsberg.pdf>) (./figures/kon_graph.tex
<figures/kon_graph.pdf, id=2738, 83.31125pt x 146.5475pt>
File: figures/kon_graph.pdf Graphic file (type pdf)

<use figures/kon_graph.pdf>) [322 <./figures/konigsberg.pdf>] [323 <./figures/k
on_graph.pdf>] [324] [325] [326] (./figures/odd_pruned_chessboards.tex
<figures/odd_pruned_chessboards.pdf, id=2771, 337.26pt x 138.5175pt>
File: figures/odd_pruned_chessboards.pdf Graphic file (type pdf)

<use figures/odd_pruned_chessboards.pdf>) [327 <./figures/odd_pruned_chessboard
s.pdf>] [328] [329] (./proof3-parity-exer.tex
(./figures/Euler_circuit_problems_a.tex
<figures/Euler_circuit_problems_a.pdf, id=2790, 316.18124pt x 168.63pt>
File: figures/Euler_circuit_problems_a.pdf Graphic file (type pdf)

<use figures/Euler_circuit_problems_a.pdf>)
(./figures/Euler_circuit_problems_b.tex
<figures/Euler_circuit_problems_b.pdf, id=2791, 363.3575pt x 165.61874pt>
File: figures/Euler_circuit_problems_b.pdf Graphic file (type pdf)

<use figures/Euler_circuit_problems_b.pdf>)
Overfull \hbox (2.239pt too wide) in paragraph at lines 3--19
 [][] 
 []

[330

 <./figures/Euler_circuit_problems_a.pdf> <./figures/Euler_circuit_problems_b.p
df>] (./figures/five_tetrominoes.tex
<figures/five_tetrominoes.pdf, id=2801, 254.9525pt x 114.4275pt>
File: figures/five_tetrominoes.pdf Graphic file (type pdf)

<use figures/five_tetrominoes.pdf>) [331 <./figures/five_tetrominoes.pdf>]
(./figures/magic_hexagon.tex
<figures/magic_hexagon.pdf, id=2814, 137.51375pt x 137.51375pt>
File: figures/magic_hexagon.pdf Graphic file (type pdf)

<use figures/magic_hexagon.pdf>)) [332 <./figures/magic_hexagon.pdf>]
(./figures/RollTopDesk.tex
<figures/RollTopDesk.pdf, id=2825, 380.42125pt x 399.4925pt>
File: figures/RollTopDesk.pdf Graphic file (type pdf)

<use figures/RollTopDesk.pdf>)
Overfull \hbox (14.92987pt too wide) in paragraph at lines 1014--1021
[]\OT1/cmr/m/it/12 Proof:  \OT1/cmr/m/n/12 Sup-pose to the con-trary that $\OML
/cmm/m/it/12 f$ \OT1/cmr/m/n/12 is a func-tion with $\OMS/cmsy/m/n/12 j[]\OT1/c
mr/m/n/12 (\OML/cmm/m/it/12 f\OT1/cmr/m/n/12 )\OMS/cmsy/m/n/12 j \OML/cmm/m/it/
12 >
 []

[333

] [334 <./figures/RollTopDesk.pdf>] [335]
Overfull \hbox (14.17525pt too wide) in paragraph at lines 1067--1070
[]\OT1/cmr/bx/n/12 Theorem 7.3.2. []\OT1/cmr/m/it/12 If there are $\OML/cmm/m/i
t/12 n$ \OT1/cmr/m/it/12 con-tain-ers hav-ing ca-pac-i-ties $\OML/cmm/m/it/12 m
[]; m[]; m[]; [] ; m[]$\OT1/cmr/m/it/12 ,
 []

[336] (./proof3-pigeon-exer.tex [337

]) [338] [339

] [340] [341] [342] [343]
[344] [345] [346] [347] (./proof3-combinations-exer.tex
(./figures/Pascals_tetrahedron.tex
<figures/Pascals_tetrahedron.pdf, id=2907, 191.71625pt x 239.89626pt>
File: figures/Pascals_tetrahedron.pdf Graphic file (type pdf)

<use figures/Pascals_tetrahedron.pdf>) [348

 <./figures/Pascals_tetrahedron.pdf>])) [349]
\openout2 = `card.aux'.

 (./card.tex [350



]
Chapter 8.
[351] [352] [353] [354] [355] (./card-equiv-exer.tex) [356

]
Underfull \vbox (badness 5847) has occurred while \output is active []

 [357]
[358] [359] [360] (./figures/Cantor_snake_again.tex
<figures/Cantor_snake_again.pdf, id=2988, 408.52625pt x 394.47375pt>
File: figures/Cantor_snake_again.pdf Graphic file (type pdf)

<use figures/Cantor_snake_again.pdf>)
Overfull \hbox (17.9739pt too wide) in paragraph at lines 3--321
[][][] 
 []


Underfull \vbox (badness 2875) has occurred while \output is active []

 [361 <./figures/Cantor_snake_again.pdf>] [362] [363] (./figures/equiv_interval
s.tex
<figures/equiv_intervals.pdf, id=3007, 218.8175pt x 218.8175pt>
File: figures/equiv_intervals.pdf Graphic file (type pdf)

<use figures/equiv_intervals.pdf>) [364] (./figures/interval_n_semicircle.tex
<figures/interval_n_semicircle.pdf, id=3012, 218.8175pt x 164.615pt>
File: figures/interval_n_semicircle.pdf Graphic file (type pdf)

<use figures/interval_n_semicircle.pdf>) [365 <./figures/equiv_intervals.pdf>]
[366 <./figures/interval_n_semicircle.pdf>] [367] (./card-examples-exer.tex)
[368

]
Underfull \vbox (badness 5847) has occurred while \output is active []

 [369]
Overfull \hbox (5.57103pt too wide) in paragraph at lines 577--596
[]\OT1/cmr/m/n/12 Rather than writ-ing some-thing like ``$\OML/cmm/m/it/12 e \O
MS/cmsy/m/n/12 ^^@ \OT1/cmr/m/n/12 2$'' or ``0.7182818284590452354...'',
 []

[370] (./figures/binary_reps.tex
<figures/binary_reps.pdf, id=3049, 220.825pt x 217.81375pt>
File: figures/binary_reps.pdf Graphic file (type pdf)

<use figures/binary_reps.pdf>) [371 <./figures/binary_reps.pdf>]
Underfull \vbox (badness 1024) has occurred while \output is active []

 [372]
[373] [374] [375] (./card-cantors-exer.tex [376

]) [377] [378]
Overfull \hbox (5.73618pt too wide) in paragraph at lines 808--817
[]\OT1/cmr/m/n/12 Naturally, we want to prove the Cantor-Bernstein-Schr^^?oder 
the-o-rem (which
 []

[379]
Underfull \vbox (badness 10000) has occurred while \output is active []

 [380]
(./figures/CBS_setup.tex
<figures/CBS_setup.pdf, id=3104, 214.8025pt x 457.71pt>
File: figures/CBS_setup.pdf Graphic file (type pdf)

<use figures/CBS_setup.pdf>) [381] [382 <./figures/CBS_setup.pdf>]
Overfull \hbox (53.38307pt too wide) detected at line 942
[]  \OML/cmm/m/it/12 g[]\OT1/cmr/m/n/12 (\OML/cmm/m/it/12 f[]\OT1/cmr/m/n/12 (\
OML/cmm/m/it/12 g[]\OT1/cmr/m/n/12 (\OML/cmm/m/it/12 a\OT1/cmr/m/n/12 )))\OML/c
mm/m/it/12 ;  f[]\OT1/cmr/m/n/12 (\OML/cmm/m/it/12 g[]\OT1/cmr/m/n/12 (\OML/cmm
/m/it/12 a\OT1/cmr/m/n/12 ))\OML/cmm/m/it/12 ;  g[]\OT1/cmr/m/n/12 (\OML/cmm/m/
it/12 a\OT1/cmr/m/n/12 )\OML/cmm/m/it/12 ;  a;  f\OT1/cmr/m/n/12 (\OML/cmm/m/it
/12 a\OT1/cmr/m/n/12 )\OML/cmm/m/it/12 ;  g\OT1/cmr/m/n/12 (\OML/cmm/m/it/12 f\
OT1/cmr/m/n/12 (\OML/cmm/m/it/12 a\OT1/cmr/m/n/12 ))\OML/cmm/m/it/12 ;  f\OT1/c
mr/m/n/12 (\OML/cmm/m/it/12 g\OT1/cmr/m/n/12 (\OML/cmm/m/it/12 f\OT1/cmr/m/n/12
 (\OML/cmm/m/it/12 a\OT1/cmr/m/n/12 )))\OML/cmm/m/it/12 ;  []
 []

[383] (./figures/A-stopper.tex
<figures/A-stopper.pdf, id=3124, 214.8025pt x 457.71pt>
File: figures/A-stopper.pdf Graphic file (type pdf)

<use figures/A-stopper.pdf>) [384] [385 <./figures/A-stopper.pdf>]
(./card-dominance-exer.tex) [386

]
Missing character: There is no â in font cmr12!
Missing character: There is no € in font cmr12!
Missing character: There is no “ in font cmr12!
 [387]
Missing character: There is no â in font cmr12!
Missing character: There is no € in font cmr12!
Missing character: There is no ™ in font cmr12!
Missing character: There is no â in font cmr12!
Missing character: There is no € in font cmr12!
Missing character: There is no ™ in font cmr12!
 [388] [389] [390] [391]) [392]
\openout2 = `proof4.aux'.


(./proof4.tex
Chapter 9.
[393



] [394]
Underfull \vbox (badness 1221) has occurred while \output is active []

 [395

]
(./figures/Morley_setup.tex
<figures/Morley_setup.pdf, id=3195, 372.39125pt x 186.6975pt>
File: figures/Morley_setup.pdf Graphic file (type pdf)

<use figures/Morley_setup.pdf>) [396 <./figures/Morley_setup.pdf>]
(./figures/Morley_1st_triangle.tex
<figures/Morley_1st_triangle.pdf, id=3203, 372.39125pt x 186.6975pt>
File: figures/Morley_1st_triangle.pdf Graphic file (type pdf)

<use figures/Morley_1st_triangle.pdf>) [397

 <./figures/Morley_1st_triangle.pdf>] [398] (./figures/Morley_Conway_puzzle.tex

<figures/Morley_Conway_puzzle.pdf, id=3223, 386.44376pt x 161.60374pt>
File: figures/Morley_Conway_puzzle.pdf Graphic file (type pdf)

<use figures/Morley_Conway_puzzle.pdf>) [399]
(./figures/Morley_Conway_puzzle_scaling.tex
<figures/Morley_Conway_puzzle_scaling.pdf, id=3232, 363.3575pt x 42.1575pt>
File: figures/Morley_Conway_puzzle_scaling.pdf Graphic file (type pdf)

<use figures/Morley_Conway_puzzle_scaling.pdf>) [400 <./figures/Morley_Conway_p
uzzle.pdf>] [401 <./figures/Morley_Conway_puzzle_scaling.pdf>]
(./proof4-morley-exer.tex (./figures/Morley_finished.tex
<figures/Morley_finished.pdf, id=3245, 362.35374pt x 136.51pt>
File: figures/Morley_finished.pdf Graphic file (type pdf)

<use figures/Morley_finished.pdf>)
Overfull \hbox (1.51628pt too wide) in paragraph at lines 3--8
 [][] 
 []

) [402

 <./figures/Morley_finished.pdf>] (./figures/The_Army.tex
<figures/The_Army.pdf, id=3255, 408.52625pt x 394.47375pt>
File: figures/The_Army.pdf Graphic file (type pdf)

<use figures/The_Army.pdf>)
Overfull \hbox (17.9739pt too wide) in paragraph at lines 3--296
 [][] 
 []

[403] [404 <./figures/The_Army.pdf>] (./figures/One_step_into_void.tex
<figures/One_step_into_void.pdf, id=3266, 448.67625pt x 394.47375pt>
File: figures/One_step_into_void.pdf Graphic file (type pdf)

<use figures/One_step_into_void.pdf>)
Overfull \hbox (58.38585pt too wide) in paragraph at lines 3--352
 [][] 
 []

(./figures/Two_steps_into_void.tex
<figures/Two_steps_into_void.pdf, id=3267, 448.67625pt x 394.47375pt>
File: figures/Two_steps_into_void.pdf Graphic file (type pdf)

<use figures/Two_steps_into_void.pdf>)
Overfull \hbox (58.38585pt too wide) in paragraph at lines 3--361
 [][] 
 []

(./figures/Three_steps_into_void.tex
<figures/Three_steps_into_void.pdf, id=3268, 462.72874pt x 394.47375pt>
File: figures/Three_steps_into_void.pdf Graphic file (type pdf)

<use figures/Three_steps_into_void.pdf>)
Overfull \hbox (71.9368pt too wide) in paragraph at lines 3--374
 [][] 
 []

[405] [406 <./figures/One_step_into_void.pdf>] [407 <./figures/Two_steps_into_v
oid.pdf>] [408 <./figures/Three_steps_into_void.pdf>]
(./figures/Taxicab_distance.tex
<figures/Taxicab_distance.pdf, id=3292, 408.52625pt x 394.47375pt>
File: figures/Taxicab_distance.pdf Graphic file (type pdf)

<use figures/Taxicab_distance.pdf>)
Overfull \hbox (17.9739pt too wide) in paragraph at lines 3--418
 [][] 
 []

[409] [410 <./figures/Taxicab_distance.pdf>] (./figures/Void-finding_r.tex
<figures/Void-finding_r.pdf, id=3304, 383.4325pt x 190.7125pt>
File: figures/Void-finding_r.pdf Graphic file (type pdf)

<use figures/Void-finding_r.pdf>) [411 <./figures/Void-finding_r.pdf>] [412]
[413] (./proof4-five-exer.tex) [414

] (./figures/matchstick_puzzle.tex
<figures/matchstick_puzzle.pdf, id=3326, 288.07625pt x 315.1775pt>
File: figures/matchstick_puzzle.pdf Graphic file (type pdf)

<use figures/matchstick_puzzle.pdf>) [415 <./figures/matchstick_puzzle.pdf>]
(./figures/Monge_circle_setup.tex
<figures/Monge_circle_setup.pdf, id=3334, 197.73875pt x 190.7125pt>
File: figures/Monge_circle_setup.pdf Graphic file (type pdf)

<use figures/Monge_circle_setup.pdf>)
Underfull \vbox (badness 10000) has occurred while \output is active []

 [416 <./figures/Monge_circle_setup.pdf>] (./figures/Monge_circle_setup_2.tex
<figures/Monge_circle_setup_2.pdf, id=3343, 361.35pt x 248.93pt>
File: figures/Monge_circle_setup_2.pdf Graphic file (type pdf)

<use figures/Monge_circle_setup_2.pdf>) [417] [418 <./figures/Monge_circle_setu
p_2.pdf>] [419]
<photos/pencil_tetrahedron.jpg, id=3363, 361.35pt x 268.8444pt>
File: photos/pencil_tetrahedron.jpg Graphic file (type jpg)

<use photos/pencil_tetrahedron.jpg> [420

 <./photos/pencil_tetrahedron.jpg>]
(./proof4-monge-exer.tex)) [421

] (./GIAM.bbl [422


]
Underfull \hbox (badness 10000) in paragraph at lines 15--20
[]\OT1/cmr/m/n/12 Wikipedia con-trib-u-tors.  Cantor-bernstein-schroeder the-o-
rem.
 []

[423]
Overfull \hbox (28.29565pt too wide) in paragraph at lines 61--66
[][]\OT1/cmr/m/n/12 http://www.www.cecm.sfu.ca/organics/papers/lam/paper/html/p
aper.html[][]. 
 []


Underfull \hbox (badness 1484) in paragraph at lines 68--71
[]\OT1/cmr/m/n/12 Saunders MacLane.  \OT1/cmr/m/it/12 Cat-e-gories for the Work
-ing Math-e-mati-cian\OT1/cmr/m/n/12 .
 []


Underfull \hbox (badness 3375) in paragraph at lines 73--78
[]\OT1/cmr/m/n/12 John J. O'Connor and Ed-mund F. Robert-son.  [][]http://www-
 []


Underfull \hbox (badness 10000) in paragraph at lines 80--84
[]\OT1/cmr/m/n/12 Stanislaw Radzis-zowski.  Small ram-sey num-bers.
 []

) [424]
\openout2 = `fdl-1.3.aux'.

 (./fdl-1.3.tex [425


] [426]
Underfull \vbox (badness 1024) has occurred while \output is active []

 [427]
[428] [429] [430] [431] [432] [433] [434] [435] [436] [437]) [438] (./GIAM.ind
Overfull \hbox (1.91467pt too wide) in paragraph at lines 15--16
[]\OT1/cmr/m/n/12 arithmetic-geometric mean in-equal-ity,
 []

[439


] [440] [441] [442] [443] [444]) (./GIAM.aux (./intro.aux) (./logic.aux)
(./proof1.aux) (./sets.aux) (./proof2.aux) (./rel.aux) (./proof3.aux)
(./card.aux) (./proof4.aux) (./fdl-1.3.aux))

LaTeX Warning: There were multiply-defined labels.

 ) 
Here is how much of TeX's memory you used:
 7914 strings out of 495061
 112418 string characters out of 1182621
 308606 words of memory out of 3000000
 9302 multiletter control sequences out of 15000+50000
 18404 words of font info for 69 fonts, out of 3000000 for 9000
 28 hyphenation exceptions out of 8191
 38i,18n,38p,349b,553s stack positions out of 5000i,500n,10000p,200000b,50000s
</usr/share/texmf-texlive/fonts/type1/public/amsfonts/cm/cmbx10.pfb></usr/sha
re/texmf-texlive/fonts/type1/public/amsfonts/cm/cmbx12.pfb></usr/share/texmf-te
xlive/fonts/type1/public/amsfonts/cm/cmbxti10.pfb></usr/share/texmf-texlive/fon
ts/type1/public/amsfonts/cm/cmex10.pfb></usr/share/texmf-texlive/fonts/type1/pu
blic/amsfonts/cm/cmmi10.pfb></usr/share/texmf-texlive/fonts/type1/public/amsfon
ts/cm/cmmi12.pfb></usr/share/texmf-texlive/fonts/type1/public/amsfonts/cm/cmmi6
.pfb></usr/share/texmf-texlive/fonts/type1/public/amsfonts/cm/cmmi7.pfb></usr/s
hare/texmf-texlive/fonts/type1/public/amsfonts/cm/cmmi8.pfb></usr/share/texmf-t
exlive/fonts/type1/public/amsfonts/cm/cmr10.pfb></usr/share/texmf-texlive/fonts
/type1/public/amsfonts/cm/cmr12.pfb></usr/share/texmf-texlive/fonts/type1/publi
c/amsfonts/cm/cmr17.pfb></usr/share/texmf-texlive/fonts/type1/public/amsfonts/c
m/cmr5.pfb></usr/share/texmf-texlive/fonts/type1/public/amsfonts/cm/cmr6.pfb></
usr/share/texmf-texlive/fonts/type1/public/amsfonts/cm/cmr7.pfb></usr/share/tex
mf-texlive/fonts/type1/public/amsfonts/cm/cmr8.pfb></usr/share/texmf-texlive/fo
nts/type1/public/amsfonts/cm/cmsl12.pfb></usr/share/texmf-texlive/fonts/type1/p
ublic/amsfonts/cm/cmss12.pfb></usr/share/texmf-texlive/fonts/type1/public/amsfo
nts/cm/cmssi12.pfb></usr/share/texmf-texlive/fonts/type1/public/amsfonts/cm/cms
y10.pfb></usr/share/texmf-texlive/fonts/type1/public/amsfonts/cm/cmsy6.pfb></us
r/share/texmf-texlive/fonts/type1/public/amsfonts/cm/cmsy8.pfb></usr/share/texm
f-texlive/fonts/type1/public/amsfonts/cm/cmti10.pfb></usr/share/texmf-texlive/f
onts/type1/public/amsfonts/cm/cmti12.pfb></usr/share/texmf-texlive/fonts/type1/
public/amsfonts/cm/cmtt12.pfb></usr/share/texmf-texlive/fonts/type1/public/amsf
onts/symbols/msam10.pfb></usr/share/texmf-texlive/fonts/type1/public/amsfonts/s
ymbols/msbm10.pfb>
Output written on GIAM.pdf (466 pages, 3059114 bytes).
PDF statistics:
 4172 PDF objects out of 4296 (max. 8388607)
 1178 named destinations out of 1200 (max. 500000)
 1011 words of extra memory for PDF output out of 10000 (max. 10000000)

