This is pdfTeX, Version 3.1415926-1.40.10 (TeX Live 2009/Debian) (format=pdflatex 2012.8.23)  8 FEB 2014 13:32
entering extended mode
 %&-line parsing enabled.
**GIAM-solutions_manual.tex
(./GIAM-solutions_manual.tex
LaTeX2e <2009/09/24>
Babel <v3.8l> and hyphenation patterns for english, usenglishmax, dumylang, noh
yphenation, loaded.
(/usr/share/texmf-texlive/tex/latex/base/book.cls
Document Class: book 2007/10/19 v1.4h Standard LaTeX document class
(/usr/share/texmf-texlive/tex/latex/base/bk12.clo
File: bk12.clo 2007/10/19 v1.4h Standard LaTeX file (size option)
)
\c@part=\count79
\c@chapter=\count80
\c@section=\count81
\c@subsection=\count82
\c@subsubsection=\count83
\c@paragraph=\count84
\c@subparagraph=\count85
\c@figure=\count86
\c@table=\count87
\abovecaptionskip=\skip41
\belowcaptionskip=\skip42
\bibindent=\dimen102
)
(/usr/share/texmf-texlive/tex/latex/hyperref/hyperref.sty
Package: hyperref 2009/10/09 v6.79a Hypertext links for LaTeX

(/usr/share/texmf-texlive/tex/latex/graphics/keyval.sty
Package: keyval 1999/03/16 v1.13 key=value parser (DPC)
\KV@toks@=\toks14
)
(/usr/share/texmf-texlive/tex/generic/oberdiek/ifpdf.sty
Package: ifpdf 2009/04/10 v2.0 Provides the ifpdf switch (HO)
Package ifpdf Info: pdfTeX in pdf mode detected.
)
(/usr/share/texmf-texlive/tex/generic/oberdiek/ifvtex.sty
Package: ifvtex 2008/11/04 v1.4 Switches for detecting VTeX and its modes (HO)
Package ifvtex Info: VTeX not detected.
)
(/usr/share/texmf-texlive/tex/generic/ifxetex/ifxetex.sty
Package: ifxetex 2009/01/23 v0.5 Provides ifxetex conditional
)
(/usr/share/texmf-texlive/tex/latex/oberdiek/hycolor.sty
Package: hycolor 2009/10/02 v1.5 Code for color options of hyperref/bookmark (H
O)

(/usr/share/texmf-texlive/tex/latex/oberdiek/xcolor-patch.sty
Package: xcolor-patch 2009/10/02 xcolor patch
))
\@linkdim=\dimen103
\Hy@linkcounter=\count88
\Hy@pagecounter=\count89

(/usr/share/texmf-texlive/tex/latex/hyperref/pd1enc.def
File: pd1enc.def 2009/10/09 v6.79a Hyperref: PDFDocEncoding definition (HO)
)
(/usr/share/texmf-texlive/tex/generic/oberdiek/etexcmds.sty
Package: etexcmds 2007/12/12 v1.2 Prefix for e-TeX command names (HO)

(/usr/share/texmf-texlive/tex/generic/oberdiek/infwarerr.sty
Package: infwarerr 2007/09/09 v1.2 Providing info/warning/message (HO)
)
Package etexcmds Info: Could not find \expanded.
(etexcmds)             That can mean that you are not using pdfTeX 1.50 or
(etexcmds)             that some package has redefined \expanded.
(etexcmds)             In the latter case, load this package earlier.
)
(/usr/share/texmf-texlive/tex/latex/latexconfig/hyperref.cfg
File: hyperref.cfg 2002/06/06 v1.2 hyperref configuration of TeXLive
)
(/usr/share/texmf-texlive/tex/latex/oberdiek/kvoptions.sty
Package: kvoptions 2009/08/13 v3.4 Keyval support for LaTeX options (HO)

(/usr/share/texmf-texlive/tex/generic/oberdiek/kvsetkeys.sty
Package: kvsetkeys 2009/07/30 v1.5 Key value parser with default handler suppor
t (HO)
))
Package hyperref Info: Hyper figures OFF on input line 2975.
Package hyperref Info: Link nesting OFF on input line 2980.
Package hyperref Info: Hyper index ON on input line 2983.
Package hyperref Info: Plain pages OFF on input line 2990.
Package hyperref Info: Backreferencing OFF on input line 2995.

Implicit mode ON; LaTeX internals redefined
Package hyperref Info: Bookmarks ON on input line 3191.
(/usr/share/texmf-texlive/tex/latex/ltxmisc/url.sty
\Urlmuskip=\muskip10
Package: url 2006/04/12  ver 3.3  Verb mode for urls, etc.
)
LaTeX Info: Redefining \url on input line 3428.

(/usr/share/texmf-texlive/tex/generic/oberdiek/bitset.sty
Package: bitset 2007/09/28 v1.0 Data type bit set (HO)

(/usr/share/texmf-texlive/tex/generic/oberdiek/intcalc.sty
Package: intcalc 2007/09/27 v1.1 Expandable integer calculations (HO)
)
(/usr/share/texmf-texlive/tex/generic/oberdiek/bigintcalc.sty
Package: bigintcalc 2007/11/11 v1.1 Expandable big integer calculations (HO)

(/usr/share/texmf-texlive/tex/generic/oberdiek/pdftexcmds.sty
Package: pdftexcmds 2009/09/23 v0.6 LuaTeX support for pdfTeX utility functions
 (HO)

(/usr/share/texmf-texlive/tex/generic/oberdiek/ifluatex.sty
Package: ifluatex 2009/04/17 v1.2 Provides the ifluatex switch (HO)
Package ifluatex Info: LuaTeX not detected.
)
(/usr/share/texmf-texlive/tex/generic/oberdiek/ltxcmds.sty
Package: ltxcmds 2009/08/05 v1.0 Some LaTeX kernel commands for general use (HO
)
)
Package pdftexcmds Info: LuaTeX not detected.
Package pdftexcmds Info: \pdf@primitive is available.
Package pdftexcmds Info: \pdf@ifprimitive is available.
)))
\Fld@menulength=\count90
\Field@Width=\dimen104
\Fld@charsize=\dimen105
\Field@toks=\toks15
Package hyperref Info: Hyper figures OFF on input line 4377.
Package hyperref Info: Link nesting OFF on input line 4382.
Package hyperref Info: Hyper index ON on input line 4385.
Package hyperref Info: backreferencing OFF on input line 4392.
Package hyperref Info: Link coloring OFF on input line 4397.
Package hyperref Info: Link coloring with OCG OFF on input line 4402.
Package hyperref Info: PDF/A mode OFF on input line 4407.

(/usr/share/texmf-texlive/tex/generic/oberdiek/atbegshi.sty
Package: atbegshi 2008/07/31 v1.9 At begin shipout hook (HO)
)
\Hy@abspage=\count91
\c@Item=\count92
\c@Hfootnote=\count93
)
*hyperref using driver hpdftex*
(/usr/share/texmf-texlive/tex/latex/hyperref/hpdftex.def
File: hpdftex.def 2009/10/09 v6.79a Hyperref driver for pdfTeX
\Fld@listcount=\count94
)
Package hyperref Info: Option `colorlinks' set `true' on input line 24.
Package hyperref Info: Option `plainpages' set `false' on input line 24.

Use 'fig4latex -p' then 'make' to format graphics for pdflatex.
(/usr/share/texmf-texlive/tex/generic/babel/babel.sty
Package: babel 2008/07/06 v3.8l The Babel package

(/usr/share/texmf-texlive/tex/generic/babel/english.ldf
Language: english 2005/03/30 v3.3o English support from the babel system

(/usr/share/texmf-texlive/tex/generic/babel/babel.def
File: babel.def 2008/07/06 v3.8l Babel common definitions
\babel@savecnt=\count95
\U@D=\dimen106
)
\l@british = a dialect from \language\l@english 
\l@UKenglish = a dialect from \language\l@english 
\l@canadian = a dialect from \language\l@american 
\l@australian = a dialect from \language\l@british 
\l@newzealand = a dialect from \language\l@british 
))
(/usr/share/texmf-texlive/tex/latex/base/makeidx.sty
Package: makeidx 2000/03/29 v1.0m Standard LaTeX package
)
(/usr/share/texmf-texlive/tex/latex/graphics/graphicx.sty
Package: graphicx 1999/02/16 v1.0f Enhanced LaTeX Graphics (DPC,SPQR)

(/usr/share/texmf-texlive/tex/latex/graphics/graphics.sty
Package: graphics 2009/02/05 v1.0o Standard LaTeX Graphics (DPC,SPQR)

(/usr/share/texmf-texlive/tex/latex/graphics/trig.sty
Package: trig 1999/03/16 v1.09 sin cos tan (DPC)
)
(/etc/texmf/tex/latex/config/graphics.cfg
File: graphics.cfg 2009/08/28 v1.8 graphics configuration of TeX Live
)
Package graphics Info: Driver file: pdftex.def on input line 91.

(/usr/share/texmf-texlive/tex/latex/pdftex-def/pdftex.def
File: pdftex.def 2010/03/12 v0.04p Graphics/color for pdfTeX
\Gread@gobject=\count96
))
\Gin@req@height=\dimen107
\Gin@req@width=\dimen108
)
(/usr/share/texmf-texlive/tex/latex/rotating/rotating.sty
Package: rotating 2009/03/28 v2.16a rotated objects in LaTeX

(/usr/share/texmf-texlive/tex/latex/base/ifthen.sty
Package: ifthen 2001/05/26 v1.1c Standard LaTeX ifthen package (DPC)
)
\c@r@tfl@t=\count97
\rotFPtop=\skip43
\rotFPbot=\skip44
\rot@float@box=\box26
\rot@mess@toks=\toks16
)
(/usr/share/texmf-texlive/tex/latex/amsfonts/amssymb.sty
Package: amssymb 2009/06/22 v3.00

(/usr/share/texmf-texlive/tex/latex/amsfonts/amsfonts.sty
Package: amsfonts 2009/06/22 v3.00 Basic AMSFonts support
\@emptytoks=\toks17
\symAMSa=\mathgroup4
\symAMSb=\mathgroup5
LaTeX Font Info:    Overwriting math alphabet `\mathfrak' in version `bold'
(Font)                  U/euf/m/n --> U/euf/b/n on input line 96.
))
(/usr/share/texmf-texlive/tex/latex/amsmath/amsmath.sty
Package: amsmath 2000/07/18 v2.13 AMS math features
\@mathmargin=\skip45

For additional information on amsmath, use the `?' option.
(/usr/share/texmf-texlive/tex/latex/amsmath/amstext.sty
Package: amstext 2000/06/29 v2.01

(/usr/share/texmf-texlive/tex/latex/amsmath/amsgen.sty
File: amsgen.sty 1999/11/30 v2.0
\@emptytoks=\toks18
\ex@=\dimen109
))
(/usr/share/texmf-texlive/tex/latex/amsmath/amsbsy.sty
Package: amsbsy 1999/11/29 v1.2d
\pmbraise@=\dimen110
)
(/usr/share/texmf-texlive/tex/latex/amsmath/amsopn.sty
Package: amsopn 1999/12/14 v2.01 operator names
)
\inf@bad=\count98
LaTeX Info: Redefining \frac on input line 211.
\uproot@=\count99
\leftroot@=\count100
LaTeX Info: Redefining \overline on input line 307.
\classnum@=\count101
\DOTSCASE@=\count102
LaTeX Info: Redefining \ldots on input line 379.
LaTeX Info: Redefining \dots on input line 382.
LaTeX Info: Redefining \cdots on input line 467.
\Mathstrutbox@=\box27
\strutbox@=\box28
\big@size=\dimen111
LaTeX Font Info:    Redeclaring font encoding OML on input line 567.
LaTeX Font Info:    Redeclaring font encoding OMS on input line 568.
\macc@depth=\count103
\c@MaxMatrixCols=\count104
\dotsspace@=\muskip11
\c@parentequation=\count105
\dspbrk@lvl=\count106
\tag@help=\toks19
\row@=\count107
\column@=\count108
\maxfields@=\count109
\andhelp@=\toks20
\eqnshift@=\dimen112
\alignsep@=\dimen113
\tagshift@=\dimen114
\tagwidth@=\dimen115
\totwidth@=\dimen116
\lineht@=\dimen117
\@envbody=\toks21
\multlinegap=\skip46
\multlinetaggap=\skip47
\mathdisplay@stack=\toks22
LaTeX Info: Redefining \[ on input line 2666.
LaTeX Info: Redefining \] on input line 2667.
)
(/usr/share/texmf-texlive/tex/latex/amscls/amsthm.sty
Package: amsthm 2004/08/06 v2.20
\thm@style=\toks23
\thm@bodyfont=\toks24
\thm@headfont=\toks25
\thm@notefont=\toks26
\thm@headpunct=\toks27
\thm@preskip=\skip48
\thm@postskip=\skip49
\thm@headsep=\skip50
\dth@everypar=\toks28
)
(/usr/share/texmf-texlive/tex/latex/graphics/color.sty
Package: color 2005/11/14 v1.0j Standard LaTeX Color (DPC)

(/etc/texmf/tex/latex/config/color.cfg
File: color.cfg 2007/01/18 v1.5 color configuration of teTeX/TeXLive
)
Package color Info: Driver file: pdftex.def on input line 130.
) (./switches.tex)
(./my_latex_definitions.tex
\cwidth=\skip51
\c@thm=\count110
\c@cor=\count111
\c@conj=\count112
) (./GIAM-solutions_manual.aux (./intro/intro-hw.aux) (./logic/logic-hw.aux) (.
/proof1/proof1-hw.aux) (./sets/sets-hw.aux)
(./proof2/proof2-hw.aux) (./rel/rel-hw.aux) (./proof3/proof3-hw.aux)
(./card/card-hw.aux) (./proof4/proof4-hw.aux))
\openout1 = `GIAM-solutions_manual.aux'.

LaTeX Font Info:    Checking defaults for OML/cmm/m/it on input line 102.
LaTeX Font Info:    ... okay on input line 102.
LaTeX Font Info:    Checking defaults for T1/cmr/m/n on input line 102.
LaTeX Font Info:    ... okay on input line 102.
LaTeX Font Info:    Checking defaults for OT1/cmr/m/n on input line 102.
LaTeX Font Info:    ... okay on input line 102.
LaTeX Font Info:    Checking defaults for OMS/cmsy/m/n on input line 102.
LaTeX Font Info:    ... okay on input line 102.
LaTeX Font Info:    Checking defaults for OMX/cmex/m/n on input line 102.
LaTeX Font Info:    ... okay on input line 102.
LaTeX Font Info:    Checking defaults for U/cmr/m/n on input line 102.
LaTeX Font Info:    ... okay on input line 102.
LaTeX Font Info:    Checking defaults for PD1/pdf/m/n on input line 102.
LaTeX Font Info:    ... okay on input line 102.
Package hyperref Info: Link coloring ON on input line 102.

(/usr/share/texmf-texlive/tex/latex/hyperref/nameref.sty
Package: nameref 2007/05/29 v2.31 Cross-referencing by name of section

(/usr/share/texmf-texlive/tex/latex/oberdiek/refcount.sty
Package: refcount 2008/08/11 v3.1 Data extraction from references (HO)
)
\c@section@level=\count113
)
LaTeX Info: Redefining \ref on input line 102.
LaTeX Info: Redefining \pageref on input line 102.

(./GIAM-solutions_manual.out) (./GIAM-solutions_manual.out)
\@outlinefile=\write3
\openout3 = `GIAM-solutions_manual.out'.

\AtBeginShipoutBox=\box29

(/usr/share/texmf-texlive/tex/context/base/supp-pdf.mkii
[Loading MPS to PDF converter (version 2006.09.02).]
\scratchcounter=\count114
\scratchdimen=\dimen118
\scratchbox=\box30
\nofMPsegments=\count115
\nofMParguments=\count116
\everyMPshowfont=\toks29
\MPscratchCnt=\count117
\MPscratchDim=\dimen119
\MPnumerator=\count118
\everyMPtoPDFconversion=\toks30
)
LaTeX Font Info:    Try loading font information for U+msa on input line 113.
 (/usr/share/texmf-texlive/tex/latex/amsfonts/umsa.fd
File: umsa.fd 2009/06/22 v3.00 AMS symbols A
)
LaTeX Font Info:    Try loading font information for U+msb on input line 113.

(/usr/share/texmf-texlive/tex/latex/amsfonts/umsb.fd
File: umsb.fd 2009/06/22 v3.00 AMS symbols B
) [1



{/var/lib/texmf/fonts/map/pdftex/updmap/pdftex.map}]
LaTeX Font Info:    Try loading font information for OMS+cmr on input line 121.


(/usr/share/texmf-texlive/tex/latex/base/omscmr.fd
File: omscmr.fd 1999/05/25 v2.5h Standard LaTeX font definitions
)
LaTeX Font Info:    Font shape `OMS/cmr/m/n' in size <12> not available
(Font)              Font shape `OMS/cmsy/m/n' tried instead on input line 121.
 [2

]
\openout2 = `intro/intro-hw.aux'.

 (./intro/intro-hw.tex
Chapter 1.
(./intro/basic-exer.tex [1




] [2] [3]
Overfull \hbox (12.99406pt too wide) in paragraph at lines 100--101
[]\OT1/cmr/m/n/12 You can get sage to out-put $\OML/cmm/m/it/12 ^^Y$ \OT1/cmr/m
/n/12 to high ac-cu-racy by typ-ing \OT1/cmtt/m/n/12 pi.N(digits=21)
 []

[4]) [5] (./intro/def-exer.tex [6]
Overfull \hbox (8.45142pt too wide) in paragraph at lines 48--50
[]\OT1/cmr/m/n/12 Characterize the prime fac-tor-iza-tions of num-bers that are
 per-fect squares. 
 []

[7]
Missing character: There is no Â in font cmr12!
Missing character: There is no · in font cmr12!
 [8]) [9] (./intro/scary-exer.tex) [10] (./intro/num_thry-exer.tex [11]
[12] [13] [14] [15]) [16] (./intro/algo-exer.tex [17]) [18]
(./intro/rat-exer.tex
Overfull \hbox (2.2445pt too wide) in paragraph at lines 27--29
[]\OT1/cmr/m/n/12 Consider the bi-nary num-ber $\OML/cmm/m/it/12 :\OT1/cmr/m/n/
12 1010010001000010000010000001 []$, is this
 []

[19]) [20] (./intro/rel-exer.tex [21] [22]
<figures/star.png, id=424, 261.97874pt x 230.36063pt>
File: figures/star.png Graphic file (type png)
 <use figures/star.png>
[23 <./figures/star.png (PNG copy)>])) [24]
\openout2 = `logic/logic-hw.aux'.

 (./logic/logic-hw.tex
Chapter 2.
(./logic/pred-exer.tex
Underfull \vbox (badness 10000) has occurred while \output is active []

 [25



]
[26] [27]) [28] (./logic/impl-exer.tex [29]
Underfull \hbox (badness 10000) in paragraph at lines 80--80

 []


Overfull \hbox (11.63203pt too wide) in paragraph at lines 81--83
[]\OT1/cmr/m/n/12 Why is it that the sen-tence ``If pigs can fly, I am the king
 of Mesopotamia.''
 []

[30] [31] [32]) [33] (./logic/le-exer.tex
Overfull \hbox (3.96277pt too wide) in paragraph at lines 31--31
[][] 
 []

[34] <figures/DeMorgan.png, id=509, 361.35pt x 94.85437pt>
File: figures/DeMorgan.png Graphic file (type png)

<use figures/DeMorgan.png> [35 <./figures/DeMorgan.png (PNG copy)>] [36]
[37]
Underfull \hbox (badness 10000) in paragraph at lines 167--169

 []

[38]
Underfull \hbox (badness 10000) in paragraph at lines 172--173

 []

[39]
Underfull \hbox (badness 1688) in paragraph at lines 225--225
[]\OT1/cmr/m/n/12 Because the other pos-si-bil-ity leads to
 []

) [40] (./logic/2_col-exer.tex) [41] (./logic/quant-exer.tex
Overfull \hbox (6.23195pt too wide) in paragraph at lines 48--48
[]\OT1/cmr/m/n/12 This one, on the other hand, says some-thing fairly strange: 
``There's
 []

[42] [43]) [44]
Overfull \hbox (2.0358pt too wide) in paragraph at lines 48--48
[]\OT1/cmr/bx/n/17.28 Deductive rea-son-ing and Ar-gu-ment forms 
 []

(./logic/deduct-exer.tex [45] [46]) [47] (./logic/valid-exer.tex [48] [49]
Overfull \hbox (5.50482pt too wide) in paragraph at lines 80--80
[][] 
 []

[50]
Underfull \hbox (badness 10000) in paragraph at lines 127--127

 []

[51]
Underfull \hbox (badness 10000) in paragraph at lines 165--167

 []

[52])) [53]
\openout2 = `proof1/proof1-hw.aux'.

 (./proof1/proof1-hw.tex [54



]
Chapter 3.
(./defs_elem_num_theory.tex) [55] [56] (./proof1/direct-exer.tex [57

] [58]
[59]) [60] (./proof1/more-exer.tex [61] [62]) [63] (./proof1/contra-exer.tex
[64] [65]) [66] (./proof1/disproofs-exer.tex [67]
Underfull \hbox (badness 10000) in paragraph at lines 40--40

 []

[68]) [69] (./proof1/cases-exer.tex
Overfull \hbox (17.84015pt too wide) in paragraph at lines 18--18
[]\OT1/cmr/m/n/12 So, es-sen-tially one just needs to com-pute the $4$th pow-er
s of $1\OML/cmm/m/it/12 ; \OT1/cmr/m/n/12 3\OML/cmm/m/it/12 ; \OT1/cmr/m/n/12 5
\OML/cmm/m/it/12 ; \OT1/cmr/m/n/12 7\OML/cmm/m/it/12 ; \OT1/cmr/m/n/12 9\OML/cm
m/m/it/12 ; \OT1/cmr/m/n/12 11\OML/cmm/m/it/12 ; \OT1/cmr/m/n/12 13$
 []

[70] [71]

LaTeX Warning: Citation `putnam1' on page 72 undefined on input line 103.


LaTeX Warning: Citation `putnam2' on page 72 undefined on input line 103.


LaTeX Warning: Citation `putnam3' on page 72 undefined on input line 103.

[72]) [73] (./proof1/exist-exer.tex

LaTeX Warning: Reference `gcd!exists' on page 74 undefined on input line 23.

[74] (./figures/sci-pap-roc.tex
<figures/sci-pap-roc.pdf, id=833, 201.75375pt x 134.5025pt>
File: figures/sci-pap-roc.pdf Graphic file (type pdf)

<use figures/sci-pap-roc.pdf>))) [75 <./figures/sci-pap-roc.pdf>]
\openout2 = `sets/sets-hw.aux'.


(./sets/sets-hw.tex [76



]
Chapter 4.
(./sets/basic-exer.tex [77]) [78] (./sets/contain-exer.tex
Overfull \hbox (11.05907pt too wide) in paragraph at lines 6--11
[][] 
 []

[79]) [80] (./set-theoretic-equivalences.tex
Overfull \hbox (16.50476pt too wide) in paragraph at lines 3--48
 [] 
 []


LaTeX Warning: `h' float specifier changed to `ht'.

) (./sets/ops-exer.tex [81] [82] [83] [84]) [85] [86] (./sets/venn-exer.tex
[87

]
Underfull \hbox (badness 1275) in paragraph at lines 37--39
\OT1/cmr/m/n/12 Therefore Socrates is
 []

) [88] (./sets/russell-exer.tex)) [89]
\openout2 = `proof2/proof2-hw.aux'.

 (./proof2/proof2-hw.tex [90



]
Chapter 5.
(./proof2/induct-exer.tex [91]
Overfull \hbox (2.45457pt too wide) in paragraph at lines 41--49
\OT1/cmr/m/n/12 struct two sets of $\OML/cmm/m/it/12 k$ \OT1/cmr/m/n/12 horses.
 Sup-pose $\OML/cmm/m/it/12 H \OT1/cmr/m/n/12 = \OMS/cmsy/m/n/12 f\OML/cmm/m/it
/12 h[]; h[]; h[]; [] h[]\OMS/cmsy/m/n/12 g$\OT1/cmr/m/n/12 .
 []

[92] (./figures/straight_trominoe.tex
<figures/straight_trominoe.pdf, id=969, 56.21pt x 20.075pt>
File: figures/straight_trominoe.pdf Graphic file (type pdf)

<use figures/straight_trominoe.pdf>) (./figures/L-shaped_trominoe.tex
<figures/L-shaped_trominoe.pdf, id=970, 38.1425pt x 38.1425pt>
File: figures/L-shaped_trominoe.pdf Graphic file (type pdf)

<use figures/L-shaped_trominoe.pdf>) [93 <./figures/straight_trominoe.pdf> <./f
igures/L-shaped_trominoe.pdf>]) [94] (./proof2/sums-exer.tex [95]
(./figures/triangular_numbers.tex
<figures/triangular_numbers.pdf, id=997, 359.3425pt x 66.2475pt>
File: figures/triangular_numbers.pdf Graphic file (type pdf)

<use figures/triangular_numbers.pdf>) [96 <./figures/triangular_numbers.pdf>]
[97] [98]
Overfull \hbox (13.24936pt too wide) detected at line 127
\OML/cmm/m/it/12 F[] \OT1/cmr/m/n/12 = 1\OML/cmm/m/it/12 ; F[] \OT1/cmr/m/n/12 
= 1\OML/cmm/m/it/12 ; F[] \OT1/cmr/m/n/12 = 2\OML/cmm/m/it/12 ; F[] \OT1/cmr/m/
n/12 = 3\OML/cmm/m/it/12 ; F[] \OT1/cmr/m/n/12 = 5\OML/cmm/m/it/12 ; F[] \OT1/c
mr/m/n/12 = 8\OML/cmm/m/it/12 ; F[] \OT1/cmr/m/n/12 = 13\OML/cmm/m/it/12 ; F[] 
\OT1/cmr/m/n/12 = 21\OML/cmm/m/it/12 ;  []
 []

) [99] (./proof2/divisibility-exer.tex) [100] (./proof2/strong-exer.tex))
[101]
\openout2 = `rel/rel-hw.aux'.

 (./rel/rel-hw.tex [102



]
Chapter 6.
(./rel/rel-exer.tex [103]) [104] (./rel/properties-exer.tex
Overfull \hbox (72.9494pt too wide) in paragraph at lines 5--8
[]\OT1/cmr/m/n/12 Consider the re-la-tion $[]$ de-fined by $[] = \OMS/cmsy/m/n/
12 f\OT1/cmr/m/n/12 (\OML/cmm/m/it/12 x; y\OT1/cmr/m/n/12 ) []  \OML/cmm/m/it/1
2 x [] y\OMS/cmsy/m/n/12 g$\OT1/cmr/m/n/12 .
 []

) [105] (./rel/equiv-exer.tex (./figures/petersen_iso.tex
<figures/petersen_iso.pdf, id=1073, 431.6125pt x 207.77625pt>
File: figures/petersen_iso.pdf Graphic file (type pdf)

<use figures/petersen_iso.pdf>)
Overfull \hbox (21.55545pt too wide) in paragraph at lines 23--24
[][]   [][] 
 []

[106]) [107 <./figures/petersen_iso.pdf>] (./rel/order-exer.tex
(./figures/ecosystem.tex
<figures/ecosystem.pdf, id=1092, 246.9225pt x 168.63pt>
File: figures/ecosystem.pdf Graphic file (type pdf)

<use figures/ecosystem.pdf>) [108 <./figures/ecosystem.pdf>]
Underfull \hbox (badness 2261) in paragraph at lines 31--32
[]\OT1/cmr/m/n/12 An (non-maximal) an-
 []


Underfull \hbox (badness 10000) in paragraph at lines 50--51
[]
 []


Overfull \hbox (12.28134pt too wide) in paragraph at lines 50--51
\OMS/cmsy/m/n/12 f[]\OML/cmm/m/it/12 ; []; []; []\OMS/cmsy/m/n/12 g$ 
 []

(./figures/0-3_dim_cubes.tex
<figures/0-3_dim_cubes.pdf, id=1100, 302.12875pt x 93.34875pt>
File: figures/0-3_dim_cubes.pdf Graphic file (type pdf)

<use figures/0-3_dim_cubes.pdf>) [109 <./figures/0-3_dim_cubes.pdf>]) [110]
(./rel/functions-exer.tex [111] (./figures/Cantor_snake.tex
<figures/Cantor_snake.pdf, id=1130, 358.33875pt x 316.18124pt>
File: figures/Cantor_snake.pdf Graphic file (type pdf)

<use figures/Cantor_snake.pdf>)
Underfull \vbox (badness 10000) has occurred while \output is active []

 [112])
[113 <./figures/Cantor_snake.pdf>] (./rel/special-exer.tex [114])) [115]
\openout2 = `proof3/proof3-hw.aux'.


(./proof3/proof3-hw.tex [116



]
Chapter 7.
(./proof3/counting-exer.tex
Overfull \hbox (2.84346pt too wide) in paragraph at lines 21--25
\OT1/cmr/m/n/12 cod-ing and cryp-tog-ra-phy. It con-sists of the first 6 let-te
rs, $\OMS/cmsy/m/n/12 f\OML/cmm/m/it/12 a; b; c; d; e; f\OMS/cmsy/m/n/12 g$\OT1
/cmr/m/n/12 .
 []

[117]) [118] (./proof3/parity-exer.tex (./figures/Euler_circuit_problems_a.tex
<figures/Euler_circuit_problems_a.pdf, id=1188, 316.18124pt x 168.63pt>
File: figures/Euler_circuit_problems_a.pdf Graphic file (type pdf)

<use figures/Euler_circuit_problems_a.pdf>)
(./figures/Euler_circuit_problems_b.tex
<figures/Euler_circuit_problems_b.pdf, id=1189, 363.3575pt x 165.61874pt>
File: figures/Euler_circuit_problems_b.pdf Graphic file (type pdf)

<use figures/Euler_circuit_problems_b.pdf>)
Overfull \hbox (2.239pt too wide) in paragraph at lines 3--19
 [][] 
 []

[119

 <./figures/Euler_circuit_problems_a.pdf> <./figures/Euler_circuit_problems_b.p
df>] (./figures/five_tetrominoes.tex
<figures/five_tetrominoes.pdf, id=1200, 254.9525pt x 114.4275pt>
File: figures/five_tetrominoes.pdf Graphic file (type pdf)

<use figures/five_tetrominoes.pdf>) [120 <./figures/five_tetrominoes.pdf>]
(./figures/magic_hexagon.tex
<figures/magic_hexagon.pdf, id=1213, 137.51375pt x 137.51375pt>
File: figures/magic_hexagon.pdf Graphic file (type pdf)

<use figures/magic_hexagon.pdf>)) [121 <./figures/magic_hexagon.pdf>]
(./proof3/pigeon-exer.tex [122

]) [123] (./proof3/combinations-exer.tex
(./figures/Pascals_tetrahedron.tex
<figures/Pascals_tetrahedron.pdf, id=1238, 191.71625pt x 239.89626pt>
File: figures/Pascals_tetrahedron.pdf Graphic file (type pdf)

<use figures/Pascals_tetrahedron.pdf>) [124

 <./figures/Pascals_tetrahedron.pdf>])) [125]
\openout2 = `card/card-hw.aux'.

 (./card/card-hw.tex [126



]
Chapter 8.
(./card/equiv-exer.tex) [127] (./card/examples-exer.tex) [128]
(./card/cantors-exer.tex [129]) [130] (./card/dominance-exer.tex) [131]
(./card/gch-exer.tex)) [132]
\openout2 = `proof4/proof4-hw.aux'.

 (./proof4/proof4-hw.tex
Chapter 9.
(./proof4/morley-exer.tex (./figures/Morley_finished.tex
<figures/Morley_finished.pdf, id=1305, 362.35374pt x 136.51pt>
File: figures/Morley_finished.pdf Graphic file (type pdf)

<use figures/Morley_finished.pdf>)
Overfull \hbox (1.51628pt too wide) in paragraph at lines 3--8
 [][] 
 []

[133



 <./figures/Morley_finished.pdf>]) [134] (./proof4/five-exer.tex) [135]
(./proof4/monge-exer.tex)) [136] (./GIAM-solutions_manual.aux
(./intro/intro-hw.aux) (./logic/logic-hw.aux) (./proof1/proof1-hw.aux)
(./sets/sets-hw.aux) (./proof2/proof2-hw.aux) (./rel/rel-hw.aux)
(./proof3/proof3-hw.aux) (./card/card-hw.aux) (./proof4/proof4-hw.aux))

LaTeX Warning: There were undefined references.

 ) 
Here is how much of TeX's memory you used:
 6729 strings out of 495061
 91171 string characters out of 1182621
 162501 words of memory out of 3000000
 8893 multiletter control sequences out of 15000+50000
 15437 words of font info for 59 fonts, out of 3000000 for 9000
 28 hyphenation exceptions out of 8191
 38i,16n,38p,828b,528s stack positions out of 5000i,500n,10000p,200000b,50000s
</usr/share/texmf-texlive/fonts/type1/public/amsfonts/cm/cmbx10.pfb></usr/sha
re/texmf-texlive/fonts/type1/public/amsfonts/cm/cmbx12.pfb></usr/share/texmf-te
xlive/fonts/type1/public/amsfonts/cm/cmex10.pfb></usr/share/texmf-texlive/fonts
/type1/public/amsfonts/cm/cmmi12.pfb></usr/share/texmf-texlive/fonts/type1/publ
ic/amsfonts/cm/cmmi8.pfb></usr/share/texmf-texlive/fonts/type1/public/amsfonts/
cm/cmr10.pfb></usr/share/texmf-texlive/fonts/type1/public/amsfonts/cm/cmr12.pfb
></usr/share/texmf-texlive/fonts/type1/public/amsfonts/cm/cmr17.pfb></usr/share
/texmf-texlive/fonts/type1/public/amsfonts/cm/cmr6.pfb></usr/share/texmf-texliv
e/fonts/type1/public/amsfonts/cm/cmr7.pfb></usr/share/texmf-texlive/fonts/type1
/public/amsfonts/cm/cmr8.pfb></usr/share/texmf-texlive/fonts/type1/public/amsfo
nts/cm/cmsl12.pfb></usr/share/texmf-texlive/fonts/type1/public/amsfonts/cm/cmss
12.pfb></usr/share/texmf-texlive/fonts/type1/public/amsfonts/cm/cmsy10.pfb></us
r/share/texmf-texlive/fonts/type1/public/amsfonts/cm/cmsy6.pfb></usr/share/texm
f-texlive/fonts/type1/public/amsfonts/cm/cmsy8.pfb></usr/share/texmf-texlive/fo
nts/type1/public/amsfonts/cm/cmti12.pfb></usr/share/texmf-texlive/fonts/type1/p
ublic/amsfonts/cm/cmtt12.pfb></usr/share/texmf-texlive/fonts/type1/public/amsfo
nts/symbols/msam10.pfb></usr/share/texmf-texlive/fonts/type1/public/amsfonts/sy
mbols/msbm10.pfb>
Output written on GIAM-solutions_manual.pdf (138 pages, 610585 bytes).
PDF statistics:
 1527 PDF objects out of 1728 (max. 8388607)
 647 named destinations out of 1000 (max. 500000)
 529 words of extra memory for PDF output out of 10000 (max. 10000000)

