<<<<<<< HEAD
\BOOKMARK [0][-]{chapter.1}{Introduction and notation}{}% 1
\BOOKMARK [1][-]{section.1.1}{Basic sets}{chapter.1}% 2
\BOOKMARK [1][-]{section.1.2}{Definitions: Prime numbers}{chapter.1}% 3
\BOOKMARK [1][-]{section.1.3}{More scary notation}{chapter.1}% 4
\BOOKMARK [1][-]{section.1.4}{Definitions of elementary number theory}{chapter.1}% 5
\BOOKMARK [1][-]{section.1.5}{Some algorithms}{chapter.1}% 6
\BOOKMARK [1][-]{section.1.6}{Rational and irrational numbers}{chapter.1}% 7
\BOOKMARK [1][-]{section.1.7}{Relations}{chapter.1}% 8
\BOOKMARK [0][-]{chapter.2}{Logic and quantifiers}{}% 9
\BOOKMARK [1][-]{section.2.1}{Predicates and Logical Connectives}{chapter.2}% 10
\BOOKMARK [1][-]{section.2.2}{Implication}{chapter.2}% 11
\BOOKMARK [1][-]{section.2.3}{Logical equivalences}{chapter.2}% 12
\BOOKMARK [1][-]{section.2.4}{Two-column proofs}{chapter.2}% 13
\BOOKMARK [1][-]{section.2.5}{Quantified statements}{chapter.2}% 14
\BOOKMARK [1][-]{section.2.6}{Deductive reasoning and Argument forms}{chapter.2}% 15
\BOOKMARK [1][-]{section.2.7}{Validity of arguments and common errors}{chapter.2}% 16
\BOOKMARK [0][-]{chapter.3}{Proof techniques I}{}% 17
\BOOKMARK [1][-]{section.3.1}{Direct proofs of universal statements}{chapter.3}% 18
\BOOKMARK [1][-]{section.3.2}{More direct proofs}{chapter.3}% 19
\BOOKMARK [1][-]{section.3.3}{Contradiction and contraposition}{chapter.3}% 20
\BOOKMARK [1][-]{section.3.4}{Disproofs}{chapter.3}% 21
\BOOKMARK [1][-]{section.3.5}{By cases and By exhaustion}{chapter.3}% 22
\BOOKMARK [1][-]{section.3.6}{Existential statements}{chapter.3}% 23
\BOOKMARK [0][-]{chapter.4}{Sets}{}% 24
\BOOKMARK [1][-]{section.4.1}{Basic notions of set theory}{chapter.4}% 25
\BOOKMARK [1][-]{section.4.2}{Containment}{chapter.4}% 26
\BOOKMARK [1][-]{section.4.3}{Set operations}{chapter.4}% 27
\BOOKMARK [1][-]{section.4.4}{Venn diagrams}{chapter.4}% 28
\BOOKMARK [1][-]{section.4.5}{Russell's Paradox}{chapter.4}% 29
\BOOKMARK [0][-]{chapter.5}{Proof techniques II \204 Induction}{}% 30
\BOOKMARK [1][-]{section.5.1}{The principle of mathematical induction}{chapter.5}% 31
\BOOKMARK [1][-]{section.5.2}{Formulas for sums and products}{chapter.5}% 32
\BOOKMARK [1][-]{section.5.3}{Other proofs using PMI}{chapter.5}% 33
\BOOKMARK [1][-]{section.5.4}{The strong form of mathematical induction}{chapter.5}% 34
\BOOKMARK [0][-]{chapter.6}{Relations and functions}{}% 35
\BOOKMARK [1][-]{section.6.1}{Relations}{chapter.6}% 36
\BOOKMARK [1][-]{section.6.2}{Properties of relations}{chapter.6}% 37
\BOOKMARK [1][-]{section.6.3}{Equivalence relations}{chapter.6}% 38
\BOOKMARK [1][-]{section.6.4}{Ordering relations}{chapter.6}% 39
\BOOKMARK [1][-]{section.6.5}{Functions}{chapter.6}% 40
\BOOKMARK [1][-]{section.6.6}{Special functions}{chapter.6}% 41
\BOOKMARK [0][-]{chapter.7}{Proof techniques III \204 Combinatorics}{}% 42
\BOOKMARK [1][-]{section.7.1}{Counting}{chapter.7}% 43
\BOOKMARK [1][-]{section.7.2}{Parity and Counting arguments}{chapter.7}% 44
\BOOKMARK [1][-]{section.7.3}{The pigeonhole principle}{chapter.7}% 45
\BOOKMARK [1][-]{section.7.4}{The algebra of combinations}{chapter.7}% 46
\BOOKMARK [0][-]{chapter.8}{Cardinality}{}% 47
\BOOKMARK [1][-]{section.8.1}{Equivalent sets}{chapter.8}% 48
\BOOKMARK [1][-]{section.8.2}{Examples of set equivalence}{chapter.8}% 49
\BOOKMARK [1][-]{section.8.3}{Cantor's theorem}{chapter.8}% 50
\BOOKMARK [1][-]{section.8.4}{Dominance}{chapter.8}% 51
\BOOKMARK [0][-]{chapter.9}{Proof techniques IV \204 Magic}{}% 52
\BOOKMARK [1][-]{section.9.1}{Morley's miracle}{chapter.9}% 53
\BOOKMARK [1][-]{section.9.2}{Five steps into the void}{chapter.9}% 54
\BOOKMARK [1][-]{section.9.3}{Monge's circle theorem}{chapter.9}% 55
=======
\BOOKMARK [0][-]{chapter.1}{Introduction and notation}{}
\BOOKMARK [1][-]{section.1.1}{Basic sets}{chapter.1}
\BOOKMARK [1][-]{section.1.2}{Definitions: Prime numbers}{chapter.1}
\BOOKMARK [1][-]{section.1.3}{More scary notation}{chapter.1}
\BOOKMARK [1][-]{section.1.4}{Definitions of elementary number theory}{chapter.1}
\BOOKMARK [1][-]{section.1.5}{Some algorithms}{chapter.1}
\BOOKMARK [1][-]{section.1.6}{Rational and irrational numbers}{chapter.1}
\BOOKMARK [1][-]{section.1.7}{Relations}{chapter.1}
\BOOKMARK [0][-]{chapter.2}{Logic and quantifiers}{}
\BOOKMARK [1][-]{section.2.1}{Predicates and Logical Connectives}{chapter.2}
\BOOKMARK [1][-]{section.2.2}{Implication}{chapter.2}
\BOOKMARK [1][-]{section.2.3}{Logical equivalences}{chapter.2}
\BOOKMARK [1][-]{section.2.4}{Two-column proofs}{chapter.2}
\BOOKMARK [1][-]{section.2.5}{Quantified statements}{chapter.2}
\BOOKMARK [1][-]{section.2.6}{Deductive reasoning and Argument forms}{chapter.2}
\BOOKMARK [1][-]{section.2.7}{Validity of arguments and common errors}{chapter.2}
\BOOKMARK [0][-]{chapter.3}{Proof techniques I}{}
\BOOKMARK [1][-]{section.3.1}{Direct proofs of universal statements}{chapter.3}
\BOOKMARK [1][-]{section.3.2}{More direct proofs}{chapter.3}
\BOOKMARK [1][-]{section.3.3}{Contradiction and contraposition}{chapter.3}
\BOOKMARK [1][-]{section.3.4}{Disproofs}{chapter.3}
\BOOKMARK [1][-]{section.3.5}{By cases and By exhaustion}{chapter.3}
\BOOKMARK [1][-]{section.3.6}{Existential statements}{chapter.3}
\BOOKMARK [0][-]{chapter.4}{Sets}{}
\BOOKMARK [1][-]{section.4.1}{Basic notions of set theory}{chapter.4}
\BOOKMARK [1][-]{section.4.2}{Containment}{chapter.4}
\BOOKMARK [1][-]{section.4.3}{Set operations}{chapter.4}
\BOOKMARK [1][-]{section.4.4}{Venn diagrams}{chapter.4}
\BOOKMARK [1][-]{section.4.5}{Russell's Paradox}{chapter.4}
\BOOKMARK [0][-]{chapter.5}{Proof techniques II \204 Induction}{}
\BOOKMARK [1][-]{section.5.1}{The principle of mathematical induction}{chapter.5}
\BOOKMARK [1][-]{section.5.2}{Formulas for sums and products}{chapter.5}
\BOOKMARK [1][-]{section.5.3}{Other proofs using PMI}{chapter.5}
\BOOKMARK [1][-]{section.5.4}{The strong form of mathematical induction}{chapter.5}
\BOOKMARK [0][-]{chapter.6}{Relations and functions}{}
\BOOKMARK [1][-]{section.6.1}{Relations}{chapter.6}
\BOOKMARK [1][-]{section.6.2}{Properties of relations}{chapter.6}
\BOOKMARK [1][-]{section.6.3}{Equivalence relations}{chapter.6}
\BOOKMARK [1][-]{section.6.4}{Ordering relations}{chapter.6}
\BOOKMARK [1][-]{section.6.5}{Functions}{chapter.6}
\BOOKMARK [1][-]{section.6.6}{Special functions}{chapter.6}
\BOOKMARK [0][-]{chapter.7}{Proof techniques III \204 Combinatorics}{}
\BOOKMARK [1][-]{section.7.1}{Counting}{chapter.7}
\BOOKMARK [1][-]{section.7.2}{Parity and Counting arguments}{chapter.7}
\BOOKMARK [1][-]{section.7.3}{The pigeonhole principle}{chapter.7}
\BOOKMARK [1][-]{section.7.4}{The algebra of combinations}{chapter.7}
\BOOKMARK [0][-]{chapter.8}{Cardinality}{}
\BOOKMARK [1][-]{section.8.1}{Equivalent sets}{chapter.8}
\BOOKMARK [1][-]{section.8.2}{Examples of set equivalence}{chapter.8}
\BOOKMARK [1][-]{section.8.3}{Cantor's theorem}{chapter.8}
\BOOKMARK [1][-]{section.8.4}{Dominance}{chapter.8}
\BOOKMARK [1][-]{section.8.5}{CH and GCH}{chapter.8}
\BOOKMARK [0][-]{chapter.9}{Proof techniques IV \204 Magic}{}
\BOOKMARK [1][-]{section.9.1}{Morley's miracle}{chapter.9}
\BOOKMARK [1][-]{section.9.2}{Five steps into the void}{chapter.9}
\BOOKMARK [1][-]{section.9.3}{Monge's circle theorem}{chapter.9}
>>>>>>> 26426fa1761fbeaae28179a13fe2b7416f4a5ec0
