<<<<<<< HEAD
This is pdfTeX, Version 3.1415926-2.5-1.40.14 (TeX Live 2013) (format=pdflatex 2013.5.30)  8 JAN 2014 23:12
=======
This is pdfTeX, Version 3.1415926-1.40.10 (TeX Live 2009/Debian) (format=pdflatex 2012.8.23)  8 FEB 2014 13:30
>>>>>>> 26426fa1761fbeaae28179a13fe2b7416f4a5ec0
entering extended mode
 %&-line parsing enabled.
**GIAM-hw.tex
(./GIAM-hw.tex
LaTeX2e <2009/09/24>
Babel <v3.8l> and hyphenation patterns for english, usenglishmax, dumylang, noh
yphenation, loaded.
(/usr/share/texmf-texlive/tex/latex/base/book.cls
Document Class: book 2007/10/19 v1.4h Standard LaTeX document class
(/usr/share/texmf-texlive/tex/latex/base/bk12.clo
File: bk12.clo 2007/10/19 v1.4h Standard LaTeX file (size option)
)
\c@part=\count79
\c@chapter=\count80
\c@section=\count81
\c@subsection=\count82
\c@subsubsection=\count83
\c@paragraph=\count84
\c@subparagraph=\count85
\c@figure=\count86
\c@table=\count87
\abovecaptionskip=\skip41
\belowcaptionskip=\skip42
\bibindent=\dimen102
)
(/usr/share/texmf-texlive/tex/latex/hyperref/hyperref.sty
Package: hyperref 2009/10/09 v6.79a Hypertext links for LaTeX

(/usr/share/texmf-texlive/tex/latex/graphics/keyval.sty
Package: keyval 1999/03/16 v1.13 key=value parser (DPC)
\KV@toks@=\toks14
)
(/usr/share/texmf-texlive/tex/generic/oberdiek/ifpdf.sty
Package: ifpdf 2009/04/10 v2.0 Provides the ifpdf switch (HO)
Package ifpdf Info: pdfTeX in pdf mode detected.
)
(/usr/share/texmf-texlive/tex/generic/oberdiek/ifvtex.sty
Package: ifvtex 2008/11/04 v1.4 Switches for detecting VTeX and its modes (HO)
Package ifvtex Info: VTeX not detected.
)
(/usr/share/texmf-texlive/tex/generic/ifxetex/ifxetex.sty
Package: ifxetex 2009/01/23 v0.5 Provides ifxetex conditional
)
(/usr/share/texmf-texlive/tex/latex/oberdiek/hycolor.sty
Package: hycolor 2009/10/02 v1.5 Code for color options of hyperref/bookmark (H
O)

(/usr/share/texmf-texlive/tex/latex/oberdiek/xcolor-patch.sty
Package: xcolor-patch 2009/10/02 xcolor patch
))
\@linkdim=\dimen103
\Hy@linkcounter=\count88
\Hy@pagecounter=\count89

(/usr/share/texmf-texlive/tex/latex/hyperref/pd1enc.def
File: pd1enc.def 2009/10/09 v6.79a Hyperref: PDFDocEncoding definition (HO)
)
(/usr/share/texmf-texlive/tex/generic/oberdiek/etexcmds.sty
Package: etexcmds 2007/12/12 v1.2 Prefix for e-TeX command names (HO)

(/usr/share/texmf-texlive/tex/generic/oberdiek/infwarerr.sty
Package: infwarerr 2007/09/09 v1.2 Providing info/warning/message (HO)
)
Package etexcmds Info: Could not find \expanded.
(etexcmds)             That can mean that you are not using pdfTeX 1.50 or
(etexcmds)             that some package has redefined \expanded.
(etexcmds)             In the latter case, load this package earlier.
)
(/usr/share/texmf-texlive/tex/latex/latexconfig/hyperref.cfg
File: hyperref.cfg 2002/06/06 v1.2 hyperref configuration of TeXLive
)
(/usr/share/texmf-texlive/tex/latex/oberdiek/kvoptions.sty
Package: kvoptions 2009/08/13 v3.4 Keyval support for LaTeX options (HO)

(/usr/share/texmf-texlive/tex/generic/oberdiek/kvsetkeys.sty
Package: kvsetkeys 2009/07/30 v1.5 Key value parser with default handler suppor
t (HO)
))
Package hyperref Info: Hyper figures OFF on input line 2975.
Package hyperref Info: Link nesting OFF on input line 2980.
Package hyperref Info: Hyper index ON on input line 2983.
Package hyperref Info: Plain pages OFF on input line 2990.
Package hyperref Info: Backreferencing OFF on input line 2995.

Implicit mode ON; LaTeX internals redefined
Package hyperref Info: Bookmarks ON on input line 3191.
(/usr/share/texmf-texlive/tex/latex/ltxmisc/url.sty
\Urlmuskip=\muskip10
Package: url 2006/04/12  ver 3.3  Verb mode for urls, etc.
)
LaTeX Info: Redefining \url on input line 3428.

(/usr/share/texmf-texlive/tex/generic/oberdiek/bitset.sty
Package: bitset 2007/09/28 v1.0 Data type bit set (HO)

(/usr/share/texmf-texlive/tex/generic/oberdiek/intcalc.sty
Package: intcalc 2007/09/27 v1.1 Expandable integer calculations (HO)
)
(/usr/share/texmf-texlive/tex/generic/oberdiek/bigintcalc.sty
Package: bigintcalc 2007/11/11 v1.1 Expandable big integer calculations (HO)

(/usr/share/texmf-texlive/tex/generic/oberdiek/pdftexcmds.sty
Package: pdftexcmds 2009/09/23 v0.6 LuaTeX support for pdfTeX utility functions
 (HO)

(/usr/share/texmf-texlive/tex/generic/oberdiek/ifluatex.sty
Package: ifluatex 2009/04/17 v1.2 Provides the ifluatex switch (HO)
Package ifluatex Info: LuaTeX not detected.
)
(/usr/share/texmf-texlive/tex/generic/oberdiek/ltxcmds.sty
Package: ltxcmds 2009/08/05 v1.0 Some LaTeX kernel commands for general use (HO
)
)
Package pdftexcmds Info: LuaTeX not detected.
Package pdftexcmds Info: \pdf@primitive is available.
Package pdftexcmds Info: \pdf@ifprimitive is available.
)))
\Fld@menulength=\count90
\Field@Width=\dimen104
\Fld@charsize=\dimen105
\Field@toks=\toks15
Package hyperref Info: Hyper figures OFF on input line 4377.
Package hyperref Info: Link nesting OFF on input line 4382.
Package hyperref Info: Hyper index ON on input line 4385.
Package hyperref Info: backreferencing OFF on input line 4392.
Package hyperref Info: Link coloring OFF on input line 4397.
Package hyperref Info: Link coloring with OCG OFF on input line 4402.
Package hyperref Info: PDF/A mode OFF on input line 4407.

(/usr/share/texmf-texlive/tex/generic/oberdiek/atbegshi.sty
Package: atbegshi 2008/07/31 v1.9 At begin shipout hook (HO)
)
\Hy@abspage=\count91
\c@Item=\count92
\c@Hfootnote=\count93
)
*hyperref using driver hpdftex*
(/usr/share/texmf-texlive/tex/latex/hyperref/hpdftex.def
File: hpdftex.def 2009/10/09 v6.79a Hyperref driver for pdfTeX
\Fld@listcount=\count94
)
Package hyperref Info: Option `colorlinks' set `true' on input line 24.
Package hyperref Info: Option `plainpages' set `false' on input line 24.

Use 'fig4latex -p' then 'make' to format graphics for pdflatex.
(/usr/share/texmf-texlive/tex/generic/babel/babel.sty
Package: babel 2008/07/06 v3.8l The Babel package

(/usr/share/texmf-texlive/tex/generic/babel/english.ldf
Language: english 2005/03/30 v3.3o English support from the babel system

(/usr/share/texmf-texlive/tex/generic/babel/babel.def
File: babel.def 2008/07/06 v3.8l Babel common definitions
\babel@savecnt=\count95
\U@D=\dimen106
)
\l@british = a dialect from \language\l@english 
\l@UKenglish = a dialect from \language\l@english 
\l@canadian = a dialect from \language\l@american 
\l@australian = a dialect from \language\l@british 
\l@newzealand = a dialect from \language\l@british 
))
(/usr/share/texmf-texlive/tex/latex/base/makeidx.sty
Package: makeidx 2000/03/29 v1.0m Standard LaTeX package
)
(/usr/share/texmf-texlive/tex/latex/graphics/graphicx.sty
Package: graphicx 1999/02/16 v1.0f Enhanced LaTeX Graphics (DPC,SPQR)

(/usr/share/texmf-texlive/tex/latex/graphics/graphics.sty
Package: graphics 2009/02/05 v1.0o Standard LaTeX Graphics (DPC,SPQR)

(/usr/share/texmf-texlive/tex/latex/graphics/trig.sty
Package: trig 1999/03/16 v1.09 sin cos tan (DPC)
)
(/etc/texmf/tex/latex/config/graphics.cfg
File: graphics.cfg 2009/08/28 v1.8 graphics configuration of TeX Live
)
Package graphics Info: Driver file: pdftex.def on input line 91.

(/usr/share/texmf-texlive/tex/latex/pdftex-def/pdftex.def
File: pdftex.def 2010/03/12 v0.04p Graphics/color for pdfTeX
\Gread@gobject=\count96
))
\Gin@req@height=\dimen107
\Gin@req@width=\dimen108
)
(/usr/share/texmf-texlive/tex/latex/rotating/rotating.sty
Package: rotating 2009/03/28 v2.16a rotated objects in LaTeX

(/usr/share/texmf-texlive/tex/latex/base/ifthen.sty
Package: ifthen 2001/05/26 v1.1c Standard LaTeX ifthen package (DPC)
)
\c@r@tfl@t=\count97
\rotFPtop=\skip43
\rotFPbot=\skip44
\rot@float@box=\box26
\rot@mess@toks=\toks16
)
(/usr/share/texmf-texlive/tex/latex/amsfonts/amssymb.sty
Package: amssymb 2009/06/22 v3.00

(/usr/share/texmf-texlive/tex/latex/amsfonts/amsfonts.sty
Package: amsfonts 2009/06/22 v3.00 Basic AMSFonts support
\@emptytoks=\toks17
\symAMSa=\mathgroup4
\symAMSb=\mathgroup5
LaTeX Font Info:    Overwriting math alphabet `\mathfrak' in version `bold'
(Font)                  U/euf/m/n --> U/euf/b/n on input line 96.
))
(/usr/share/texmf-texlive/tex/latex/amsmath/amsmath.sty
Package: amsmath 2000/07/18 v2.13 AMS math features
\@mathmargin=\skip45

For additional information on amsmath, use the `?' option.
(/usr/share/texmf-texlive/tex/latex/amsmath/amstext.sty
Package: amstext 2000/06/29 v2.01

(/usr/share/texmf-texlive/tex/latex/amsmath/amsgen.sty
File: amsgen.sty 1999/11/30 v2.0
\@emptytoks=\toks18
\ex@=\dimen109
))
(/usr/share/texmf-texlive/tex/latex/amsmath/amsbsy.sty
Package: amsbsy 1999/11/29 v1.2d
\pmbraise@=\dimen110
)
(/usr/share/texmf-texlive/tex/latex/amsmath/amsopn.sty
Package: amsopn 1999/12/14 v2.01 operator names
)
\inf@bad=\count98
LaTeX Info: Redefining \frac on input line 211.
\uproot@=\count99
\leftroot@=\count100
LaTeX Info: Redefining \overline on input line 307.
\classnum@=\count101
\DOTSCASE@=\count102
LaTeX Info: Redefining \ldots on input line 379.
LaTeX Info: Redefining \dots on input line 382.
LaTeX Info: Redefining \cdots on input line 467.
\Mathstrutbox@=\box27
\strutbox@=\box28
\big@size=\dimen111
LaTeX Font Info:    Redeclaring font encoding OML on input line 567.
LaTeX Font Info:    Redeclaring font encoding OMS on input line 568.
\macc@depth=\count103
\c@MaxMatrixCols=\count104
\dotsspace@=\muskip11
\c@parentequation=\count105
\dspbrk@lvl=\count106
\tag@help=\toks19
\row@=\count107
\column@=\count108
\maxfields@=\count109
\andhelp@=\toks20
\eqnshift@=\dimen112
\alignsep@=\dimen113
\tagshift@=\dimen114
\tagwidth@=\dimen115
\totwidth@=\dimen116
\lineht@=\dimen117
\@envbody=\toks21
\multlinegap=\skip46
\multlinetaggap=\skip47
\mathdisplay@stack=\toks22
LaTeX Info: Redefining \[ on input line 2666.
LaTeX Info: Redefining \] on input line 2667.
)
(/usr/share/texmf-texlive/tex/latex/amscls/amsthm.sty
Package: amsthm 2004/08/06 v2.20
\thm@style=\toks23
\thm@bodyfont=\toks24
\thm@headfont=\toks25
\thm@notefont=\toks26
\thm@headpunct=\toks27
\thm@preskip=\skip48
\thm@postskip=\skip49
\thm@headsep=\skip50
\dth@everypar=\toks28
)
(/usr/share/texmf-texlive/tex/latex/graphics/color.sty
Package: color 2005/11/14 v1.0j Standard LaTeX Color (DPC)

(/etc/texmf/tex/latex/config/color.cfg
File: color.cfg 2007/01/18 v1.5 color configuration of teTeX/TeXLive
)
Package color Info: Driver file: pdftex.def on input line 130.
<<<<<<< HEAD
)
(./my_latex_definitions.tex (./switches.tex)
\cwidth=\skip52
\c@thm=\count113
\c@cor=\count114
\c@conj=\count115
) (./GIAM-hw.aux
(./intro/intro-hw.aux) (./logic/logic-hw.aux) (./proof1/proof1-hw.aux)
(./sets/sets-hw.aux) (./proof2/proof2-hw.aux) (./rel/rel-hw.aux)
(./proof3/proof3-hw.aux) (./card/card-hw.aux) (./proof4/proof4-hw.aux))
\openout1 = `GIAM-hw.aux'.

LaTeX Font Info:    Checking defaults for OML/cmm/m/it on input line 65.
LaTeX Font Info:    ... okay on input line 65.
LaTeX Font Info:    Checking defaults for T1/cmr/m/n on input line 65.
LaTeX Font Info:    ... okay on input line 65.
LaTeX Font Info:    Checking defaults for OT1/cmr/m/n on input line 65.
LaTeX Font Info:    ... okay on input line 65.
LaTeX Font Info:    Checking defaults for OMS/cmsy/m/n on input line 65.
LaTeX Font Info:    ... okay on input line 65.
LaTeX Font Info:    Checking defaults for OMX/cmex/m/n on input line 65.
LaTeX Font Info:    ... okay on input line 65.
LaTeX Font Info:    Checking defaults for U/cmr/m/n on input line 65.
LaTeX Font Info:    ... okay on input line 65.
LaTeX Font Info:    Checking defaults for PD1/pdf/m/n on input line 65.
LaTeX Font Info:    ... okay on input line 65.
\AtBeginShipoutBox=\box29
Package hyperref Info: Link coloring ON on input line 65.

(/usr/local/texlive/2013/texmf-dist/tex/latex/hyperref/nameref.sty
Package: nameref 2012/10/27 v2.43 Cross-referencing by name of section
=======
) (./switches.tex)
(./my_latex_definitions.tex
\cwidth=\skip51
\c@thm=\count110
\c@cor=\count111
\c@conj=\count112
) (./GIAM-hw.aux (./intro/intro-hw.aux)
(./logic/logic-hw.aux) (./proof1/proof1-hw.aux) (./sets/sets-hw.aux)
(./proof2/proof2-hw.aux) (./rel/rel-hw.aux) (./proof3/proof3-hw.aux)
(./card/card-hw.aux) (./proof4/proof4-hw.aux))
\openout1 = `GIAM-hw.aux'.

LaTeX Font Info:    Checking defaults for OML/cmm/m/it on input line 101.
LaTeX Font Info:    ... okay on input line 101.
LaTeX Font Info:    Checking defaults for T1/cmr/m/n on input line 101.
LaTeX Font Info:    ... okay on input line 101.
LaTeX Font Info:    Checking defaults for OT1/cmr/m/n on input line 101.
LaTeX Font Info:    ... okay on input line 101.
LaTeX Font Info:    Checking defaults for OMS/cmsy/m/n on input line 101.
LaTeX Font Info:    ... okay on input line 101.
LaTeX Font Info:    Checking defaults for OMX/cmex/m/n on input line 101.
LaTeX Font Info:    ... okay on input line 101.
LaTeX Font Info:    Checking defaults for U/cmr/m/n on input line 101.
LaTeX Font Info:    ... okay on input line 101.
LaTeX Font Info:    Checking defaults for PD1/pdf/m/n on input line 101.
LaTeX Font Info:    ... okay on input line 101.
Package hyperref Info: Link coloring ON on input line 101.
>>>>>>> 26426fa1761fbeaae28179a13fe2b7416f4a5ec0

(/usr/share/texmf-texlive/tex/latex/hyperref/nameref.sty
Package: nameref 2007/05/29 v2.31 Cross-referencing by name of section

(/usr/share/texmf-texlive/tex/latex/oberdiek/refcount.sty
Package: refcount 2008/08/11 v3.1 Data extraction from references (HO)
)
\c@section@level=\count113
)
<<<<<<< HEAD
LaTeX Info: Redefining \ref on input line 65.
LaTeX Info: Redefining \pageref on input line 65.
LaTeX Info: Redefining \nameref on input line 65.

(./GIAM-hw.out) (./GIAM-hw.out)
=======
LaTeX Info: Redefining \ref on input line 101.
LaTeX Info: Redefining \pageref on input line 101.
 (./GIAM-hw.out)
(./GIAM-hw.out)
>>>>>>> 26426fa1761fbeaae28179a13fe2b7416f4a5ec0
\@outlinefile=\write3
\openout3 = `GIAM-hw.out'.

\AtBeginShipoutBox=\box29
 (/usr/share/texmf-texlive/tex/context/base/supp-pdf.mkii
[Loading MPS to PDF converter (version 2006.09.02).]
\scratchcounter=\count114
\scratchdimen=\dimen118
\scratchbox=\box30
<<<<<<< HEAD
\nofMPsegments=\count118
\nofMParguments=\count119
\everyMPshowfont=\toks28
\MPscratchCnt=\count120
\MPscratchDim=\dimen120
\MPnumerator=\count121
\makeMPintoPDFobject=\count122
\everyMPtoPDFconversion=\toks29
) (/usr/local/texlive/2013/texmf-dist/tex/latex/oberdiek/epstopdf-base.sty
Package: epstopdf-base 2010/02/09 v2.5 Base part for package epstopdf

(/usr/local/texlive/2013/texmf-dist/tex/latex/oberdiek/grfext.sty
Package: grfext 2010/08/19 v1.1 Manage graphics extensions (HO)
)
Package grfext Info: Graphics extension search list:
(grfext)             [.png,.pdf,.jpg,.mps,.jpeg,.jbig2,.jb2,.PNG,.PDF,.JPG,.JPE
G,.JBIG2,.JB2,.eps]
(grfext)             \AppendGraphicsExtensions on input line 452.

(/usr/local/texlive/2013/texmf-dist/tex/latex/latexconfig/epstopdf-sys.cfg
File: epstopdf-sys.cfg 2010/07/13 v1.3 Configuration of (r)epstopdf for TeX Liv
e
))
LaTeX Font Info:    Try loading font information for U+msa on input line 76.

(/usr/local/texlive/2013/texmf-dist/tex/latex/amsfonts/umsa.fd
File: umsa.fd 2013/01/14 v3.01 AMS symbols A
=======
\nofMPsegments=\count115
\nofMParguments=\count116
\everyMPshowfont=\toks29
\MPscratchCnt=\count117
\MPscratchDim=\dimen119
\MPnumerator=\count118
\everyMPtoPDFconversion=\toks30
)
LaTeX Font Info:    Try loading font information for U+msa on input line 112.
 (/usr/share/texmf-texlive/tex/latex/amsfonts/umsa.fd
File: umsa.fd 2009/06/22 v3.00 AMS symbols A
>>>>>>> 26426fa1761fbeaae28179a13fe2b7416f4a5ec0
)
LaTeX Font Info:    Try loading font information for U+msb on input line 76.

(/usr/share/texmf-texlive/tex/latex/amsfonts/umsb.fd
File: umsb.fd 2009/06/22 v3.00 AMS symbols B
) [1



<<<<<<< HEAD
{/usr/local/texlive/2013/texmf-var/fonts/map/pdftex/updmap/pdftex.map}]
LaTeX Font Info:    Try loading font information for OMS+cmr on input line 84.
=======
{/var/lib/texmf/fonts/map/pdftex/updmap/pdftex.map}]
LaTeX Font Info:    Try loading font information for OMS+cmr on input line 120.

>>>>>>> 26426fa1761fbeaae28179a13fe2b7416f4a5ec0

(/usr/share/texmf-texlive/tex/latex/base/omscmr.fd
File: omscmr.fd 1999/05/25 v2.5h Standard LaTeX font definitions
)
LaTeX Font Info:    Font shape `OMS/cmr/m/n' in size <12> not available
(Font)              Font shape `OMS/cmsy/m/n' tried instead on input line 84.
 [2

]
\openout2 = `intro/intro-hw.aux'.

 (./intro/intro-hw.tex
Chapter 1.
(./intro/basic-exer.tex [1




] [2] [3] [4] [5]) (./intro/def-exer.tex [6]
Overfull \hbox (8.45142pt too wide) in paragraph at lines 48--50
[]\OT1/cmr/m/n/12 Characterize the prime fac-tor-iza-tions of num-bers that are
 per-fect squares. 
 []

[7]) [8] (./intro/scary-exer.tex) [9] (./intro/num_thry-exer.tex [10] [11]
[12] [13] [14]) [15] (./intro/algo-exer.tex [16]) [17] (./intro/rat-exer.tex
Overfull \hbox (2.2445pt too wide) in paragraph at lines 27--29
[]\OT1/cmr/m/n/12 Consider the bi-nary num-ber $\OML/cmm/m/it/12 :\OT1/cmr/m/n/
12 1010010001000010000010000001 []$, is this
 []

[18] [19]) [20] (./intro/rel-exer.tex [21] [22] [23] [24])) [25]
\openout2 = `logic/logic-hw.aux'.


(./logic/logic-hw.tex [26



]
Chapter 2.
(./logic/pred-exer.tex [27] [28] [29] [30]) [31] (./logic/impl-exer.tex
[32] [33]
Overfull \hbox (11.63203pt too wide) in paragraph at lines 85--87
[]\OT1/cmr/m/n/12 Why is it that the sen-tence ``If pigs can fly, I am the king
 of Mesopotamia.''
 []

<<<<<<< HEAD
[34] [35]) [36] (./logic/le-exer.tex [37] [38] [39] [40] [41]
=======
[31] [32] [33]) [34] (./logic/le-exer.tex [35] [36] [37] [38] [39]
>>>>>>> 26426fa1761fbeaae28179a13fe2b7416f4a5ec0
Underfull \hbox (badness 10000) in paragraph at lines 167--169

 []


Underfull \hbox (badness 10000) in paragraph at lines 172--173

 []

<<<<<<< HEAD
[42]) [43] (./logic/2_col-exer.tex [44] [45]) (./logic/quant-exer.tex [46]
[47]) [48]
=======
[40]) [41] (./logic/2_col-exer.tex) [42] (./logic/quant-exer.tex [43]) [44]
>>>>>>> 26426fa1761fbeaae28179a13fe2b7416f4a5ec0
Overfull \hbox (2.0358pt too wide) in paragraph at lines 48--48
[]\OT1/cmr/bx/n/17.28 Deductive rea-son-ing and Ar-gu-ment forms 
 []

(./logic/deduct-exer.tex [49]) [50] (./logic/valid-exer.tex [51] [52] [53]
[54] [55] [56]
Underfull \hbox (badness 10000) in paragraph at lines 201--203

 []

)) [57]
\openout2 = `proof1/proof1-hw.aux'.

 (./proof1/proof1-hw.tex [58



]
Chapter 3.
(./defs_elem_num_theory.tex) [59] [60] (./proof1/direct-exer.tex [61

<<<<<<< HEAD
] [62]
[63] [64] [65] [66]) [67] (./proof1/more-exer.tex [68] [69] [70] [71] [72])
(./proof1/contra-exer.tex [73] [74] [75] [76] [77])
(./proof1/disproofs-exer.tex [78] [79] [80]) [81] (./proof1/cases-exer.tex
[82] [83] [84] [85]

LaTeX Warning: Citation `putnam1' on page 86 undefined on input line 128.

=======
]) [54]
(./proof1/more-exer.tex [55]) [56] (./proof1/contra-exer.tex) [57]
(./proof1/disproofs-exer.tex [58]) [59] (./proof1/cases-exer.tex [60]
>>>>>>> 26426fa1761fbeaae28179a13fe2b7416f4a5ec0

LaTeX Warning: Citation `putnam2' on page 86 undefined on input line 128.


LaTeX Warning: Citation `putnam3' on page 86 undefined on input line 128.

[86] [87]) (./proof1/exist-exer.tex [88] [89]

LaTeX Warning: Reference `gcd!exists' on page 90 undefined on input line 35.

<<<<<<< HEAD
[90] (./figures/sci-pap-roc.tex
<figures/sci-pap-roc.pdf, id=884, 201.75375pt x 134.5025pt>
File: figures/sci-pap-roc.pdf Graphic file (type pdf)

<use figures/sci-pap-roc.pdf>
Package pdftex.def Info: figures/sci-pap-roc.pdf used on input line 2.
(pdftex.def)             Requested size: 201.75325pt x 134.50215pt.
) [91 <./figures/sci-pap-roc.pdf>]))
=======
) [61] (./proof1/exist-exer.tex

LaTeX Warning: Reference `gcd!exists' on page 62 undefined on input line 23.

(./figures/sci-pap-roc.tex
<figures/sci-pap-roc.pdf, id=754, 201.75375pt x 134.5025pt>
File: figures/sci-pap-roc.pdf Graphic file (type pdf)

<use figures/sci-pap-roc.pdf>))) [62 <./figures/sci-pap-roc.pdf>]
>>>>>>> 26426fa1761fbeaae28179a13fe2b7416f4a5ec0
\openout2 = `sets/sets-hw.aux'.


(./sets/sets-hw.tex [92



<<<<<<< HEAD
]
Chapter 4.
(./sets/basic-exer.tex [93] [94] [95]) (./sets/contain-exer.tex
=======
]) [64] (./sets/contain-exer.tex
>>>>>>> 26426fa1761fbeaae28179a13fe2b7416f4a5ec0
Overfull \hbox (11.05907pt too wide) in paragraph at lines 6--11
[][] 
 []

[96]) [97] (./set-theoretic-equivalences.tex
Overfull \hbox (16.50476pt too wide) in paragraph at lines 3--48
 [] 
 []


LaTeX Warning: `h' float specifier changed to `ht'.

) [98] (./sets/ops-exer.tex [99

] [100] [101] [102] [103] [104] [105] [106]
[107]) (./sets/venn-exer.tex [108

] [109] [110]
Underfull \hbox (badness 1275) in paragraph at lines 53--55
\OT1/cmr/m/n/12 Therefore Socrates is
 []

[111] [112] [113]) (./sets/russell-exer.tex [114]))
\openout2 = `proof2/proof2-hw.aux'.

 (./proof2/proof2-hw.tex
Chapter 5.
(./proof2/induct-exer.tex [115



]
Overfull \hbox (2.45457pt too wide) in paragraph at lines 41--49
\OT1/cmr/m/n/12 struct two sets of $\OML/cmm/m/it/12 k$ \OT1/cmr/m/n/12 horses.
 Sup-pose $\OML/cmm/m/it/12 H \OT1/cmr/m/n/12 = \OMS/cmsy/m/n/12 f\OML/cmm/m/it
/12 h[]; h[]; h[]; [] h[]\OMS/cmsy/m/n/12 g$\OT1/cmr/m/n/12 .
 []

<<<<<<< HEAD
[116] (./figures/straight_trominoe.tex
<figures/straight_trominoe.pdf, id=1055, 56.21pt x 20.075pt>
File: figures/straight_trominoe.pdf Graphic file (type pdf)

<use figures/straight_trominoe.pdf>
Package pdftex.def Info: figures/straight_trominoe.pdf used on input line 2.
(pdftex.def)             Requested size: 56.20985pt x 20.07494pt.
) (./figures/L-shaped_trominoe.tex
<figures/L-shaped_trominoe.pdf, id=1056, 38.1425pt x 38.1425pt>
File: figures/L-shaped_trominoe.pdf Graphic file (type pdf)

<use figures/L-shaped_trominoe.pdf>
Package pdftex.def Info: figures/L-shaped_trominoe.pdf used on input line 2.
(pdftex.def)             Requested size: 38.1424pt x 38.1424pt.
) [117 <./figures/straight_trominoe.pdf> <./figures/L-shaped_trominoe.pdf>] [11
8]) (./proof2/sums-exer.tex [119] [120]
(./figures/triangular_numbers.tex
<figures/triangular_numbers.pdf, id=1088, 359.3425pt x 66.2475pt>
File: figures/triangular_numbers.pdf Graphic file (type pdf)

<use figures/triangular_numbers.pdf>
Package pdftex.def Info: figures/triangular_numbers.pdf used on input line 2.
(pdftex.def)             Requested size: 359.34161pt x 66.24733pt.
) [121 <./figures/triangular_numbers.pdf>]
[122] [123] [124]
Overfull \hbox (13.24936pt too wide) detected at line 154
=======
[74] (./figures/straight_trominoe.tex
<figures/straight_trominoe.pdf, id=877, 56.21pt x 20.075pt>
File: figures/straight_trominoe.pdf Graphic file (type pdf)

<use figures/straight_trominoe.pdf>) (./figures/L-shaped_trominoe.tex
<figures/L-shaped_trominoe.pdf, id=878, 38.1425pt x 38.1425pt>
File: figures/L-shaped_trominoe.pdf Graphic file (type pdf)

<use figures/L-shaped_trominoe.pdf>)) [75 <./figures/straight_trominoe.pdf> <./
figures/L-shaped_trominoe.pdf>] (./proof2/sums-exer.tex
(./figures/triangular_numbers.tex
<figures/triangular_numbers.pdf, id=893, 359.3425pt x 66.2475pt>
File: figures/triangular_numbers.pdf Graphic file (type pdf)

<use figures/triangular_numbers.pdf>) [76 <./figures/triangular_numbers.pdf>]
Overfull \hbox (13.24936pt too wide) detected at line 127
>>>>>>> 26426fa1761fbeaae28179a13fe2b7416f4a5ec0
\OML/cmm/m/it/12 F[] \OT1/cmr/m/n/12 = 1\OML/cmm/m/it/12 ; F[] \OT1/cmr/m/n/12 
= 1\OML/cmm/m/it/12 ; F[] \OT1/cmr/m/n/12 = 2\OML/cmm/m/it/12 ; F[] \OT1/cmr/m/
n/12 = 3\OML/cmm/m/it/12 ; F[] \OT1/cmr/m/n/12 = 5\OML/cmm/m/it/12 ; F[] \OT1/c
mr/m/n/12 = 8\OML/cmm/m/it/12 ; F[] \OT1/cmr/m/n/12 = 13\OML/cmm/m/it/12 ; F[] 
\OT1/cmr/m/n/12 = 21\OML/cmm/m/it/12 ;  []
 []

[125]) (./proof2/divisibility-exer.tex [126] [127] [128] [129] [130] [131])
[132] (./proof2/strong-exer.tex [133] [134]))
\openout2 = `rel/rel-hw.aux'.

 (./rel/rel-hw.tex
Chapter 6.
(./rel/rel-exer.tex [135



] [136] [137]) (./rel/properties-exer.tex
Overfull \hbox (72.9494pt too wide) in paragraph at lines 8--11
[]\OT1/cmr/m/n/12 Consider the re-la-tion $[]$ de-fined by $[] = \OMS/cmsy/m/n/
12 f\OT1/cmr/m/n/12 (\OML/cmm/m/it/12 x; y\OT1/cmr/m/n/12 ) []  \OML/cmm/m/it/1
2 x [] y\OMS/cmsy/m/n/12 g$\OT1/cmr/m/n/12 .
 []

<<<<<<< HEAD
[138]) (./rel/equiv-exer.tex [139] [140] (./figures/petersen_iso.tex
<figures/petersen_iso.pdf, id=1209, 431.6125pt x 207.77625pt>
File: figures/petersen_iso.pdf Graphic file (type pdf)

<use figures/petersen_iso.pdf>
Package pdftex.def Info: figures/petersen_iso.pdf used on input line 2.
(pdftex.def)             Requested size: 431.61143pt x 207.77573pt.
)
Overfull \hbox (21.55545pt too wide) in paragraph at lines 38--39
[][]   [][] 
 []

[141 <./figures/petersen_iso.pdf>] [142]) (./rel/order-exer.tex
(./figures/ecosystem.tex
<figures/ecosystem.pdf, id=1224, 246.9225pt x 168.63pt>
File: figures/ecosystem.pdf Graphic file (type pdf)

<use figures/ecosystem.pdf>
Package pdftex.def Info: figures/ecosystem.pdf used on input line 2.
(pdftex.def)             Requested size: 246.92188pt x 168.62958pt.
) [143 <./figures/ecosystem.pdf>]
=======
) [83] (./rel/equiv-exer.tex (./figures/petersen_iso.tex
<figures/petersen_iso.pdf, id=963, 431.6125pt x 207.77625pt>
File: figures/petersen_iso.pdf Graphic file (type pdf)

<use figures/petersen_iso.pdf>)
Overfull \hbox (21.55545pt too wide) in paragraph at lines 23--24
[][]   [][] 
 []

[84]) [85 <./figures/petersen_iso.pdf>] (./rel/order-exer.tex
(./figures/ecosystem.tex
<figures/ecosystem.pdf, id=981, 246.9225pt x 168.63pt>
File: figures/ecosystem.pdf Graphic file (type pdf)

<use figures/ecosystem.pdf>) [86 <./figures/ecosystem.pdf>]
>>>>>>> 26426fa1761fbeaae28179a13fe2b7416f4a5ec0
Underfull \hbox (badness 2261) in paragraph at lines 31--32
[]\OT1/cmr/m/n/12 An (non-maximal) an-
 []

<<<<<<< HEAD
[144] (./figures/0-3_dim_cubes.tex
<figures/0-3_dim_cubes.pdf, id=1238, 302.12875pt x 93.34875pt>
File: figures/0-3_dim_cubes.pdf Graphic file (type pdf)

<use figures/0-3_dim_cubes.pdf>
Package pdftex.def Info: figures/0-3_dim_cubes.pdf used on input line 2.
(pdftex.def)             Requested size: 302.128pt x 93.34851pt.
) [145 <./figures/0-3_dim_cubes.pdf>] [146]
[147]) (./rel/functions-exer.tex [148] [149] (./figures/Cantor_snake.tex
<figures/Cantor_snake.pdf, id=1276, 358.33875pt x 316.18124pt>
File: figures/Cantor_snake.pdf Graphic file (type pdf)

<use figures/Cantor_snake.pdf>
Package pdftex.def Info: figures/Cantor_snake.pdf used on input line 2.
(pdftex.def)             Requested size: 358.33788pt x 316.18047pt.
) [150 <./figures/Cantor_snake.pdf>] [151])
(./rel/special-exer.tex [152] [153] [154]))
=======

Underfull \hbox (badness 10000) in paragraph at lines 50--51
[]
 []


Overfull \hbox (12.28134pt too wide) in paragraph at lines 50--51
\OMS/cmsy/m/n/12 f[]\OML/cmm/m/it/12 ; []; []; []\OMS/cmsy/m/n/12 g$ 
 []

(./figures/0-3_dim_cubes.tex
<figures/0-3_dim_cubes.pdf, id=989, 302.12875pt x 93.34875pt>
File: figures/0-3_dim_cubes.pdf Graphic file (type pdf)

<use figures/0-3_dim_cubes.pdf>) [87 <./figures/0-3_dim_cubes.pdf>]) [88]
(./rel/functions-exer.tex [89] (./figures/Cantor_snake.tex
<figures/Cantor_snake.pdf, id=1020, 358.33875pt x 316.18124pt>
File: figures/Cantor_snake.pdf Graphic file (type pdf)

<use figures/Cantor_snake.pdf>)
Underfull \vbox (badness 10000) has occurred while \output is active []

 [90])
[91 <./figures/Cantor_snake.pdf>] (./rel/special-exer.tex [92])) [93]
>>>>>>> 26426fa1761fbeaae28179a13fe2b7416f4a5ec0
\openout2 = `proof3/proof3-hw.aux'.

 (./proof3/proof3-hw.tex
Chapter 7.
(./proof3/counting-exer.tex [155



] [156]
Overfull \hbox (2.84346pt too wide) in paragraph at lines 31--35
\OT1/cmr/m/n/12 cod-ing and cryp-tog-ra-phy. It con-sists of the first 6 let-te
rs, $\OMS/cmsy/m/n/12 f\OML/cmm/m/it/12 a; b; c; d; e; f\OMS/cmsy/m/n/12 g$\OT1
/cmr/m/n/12 .
 []

[157] [158]) (./proof3/parity-exer.tex (./figures/Euler_circuit_problems_a.tex
<figures/Euler_circuit_problems_a.pdf, id=1343, 316.18124pt x 168.63pt>
File: figures/Euler_circuit_problems_a.pdf Graphic file (type pdf)

<use figures/Euler_circuit_problems_a.pdf>)
(./figures/Euler_circuit_problems_b.tex
<figures/Euler_circuit_problems_b.pdf, id=1344, 363.3575pt x 165.61874pt>
File: figures/Euler_circuit_problems_b.pdf Graphic file (type pdf)

<use figures/Euler_circuit_problems_b.pdf>)
Overfull \hbox (2.239pt too wide) in paragraph at lines 3--19
 [][] 
 []

[159

 <./figures/Euler_circuit_problems_a.pdf> <./figures/Euler_circuit_problems_b.p
df>] [160] (./figures/five_tetrominoes.tex
<figures/five_tetrominoes.pdf, id=1360, 254.9525pt x 114.4275pt>
File: figures/five_tetrominoes.pdf Graphic file (type pdf)

<<<<<<< HEAD
<use figures/five_tetrominoes.pdf>
Package pdftex.def Info: figures/five_tetrominoes.pdf used on input line 2.
(pdftex.def)             Requested size: 254.95186pt x 114.42722pt.
) [161 <./figures/five_tetrominoes.pdf>]
[162] [163] (./figures/magic_hexagon.tex
<figures/magic_hexagon.pdf, id=1381, 137.51375pt x 137.51375pt>
File: figures/magic_hexagon.pdf Graphic file (type pdf)

<use figures/magic_hexagon.pdf>
Package pdftex.def Info: figures/magic_hexagon.pdf used on input line 2.
(pdftex.def)             Requested size: 137.51341pt x 137.51341pt.
)) [164 <./figures/magic_hexagon.pdf>]
(./proof3/pigeon-exer.tex [165

] [166] [167] [168])
(./proof3/combinations-exer.tex [169
=======
<use figures/five_tetrominoes.pdf>) [98 <./figures/five_tetrominoes.pdf>]
(./figures/magic_hexagon.tex
<figures/magic_hexagon.pdf, id=1102, 137.51375pt x 137.51375pt>
File: figures/magic_hexagon.pdf Graphic file (type pdf)

<use figures/magic_hexagon.pdf>)) [99 <./figures/magic_hexagon.pdf>]
(./proof3/pigeon-exer.tex [100
>>>>>>> 26426fa1761fbeaae28179a13fe2b7416f4a5ec0

] (./figures/Pascals_tetrahedron.tex
<figures/Pascals_tetrahedron.pdf, id=1422, 191.71625pt x 239.89626pt>
File: figures/Pascals_tetrahedron.pdf Graphic file (type pdf)

<<<<<<< HEAD
<use figures/Pascals_tetrahedron.pdf>
Package pdftex.def Info: figures/Pascals_tetrahedron.pdf used on input line 2.
(pdftex.def)             Requested size: 191.71577pt x 239.89566pt.
) [170 <./figures/Pascals_tetrahedron.pdf>] [171]))
=======
<use figures/Pascals_tetrahedron.pdf>) [102

 <./figures/Pascals_tetrahedron.pdf>])) [103]
>>>>>>> 26426fa1761fbeaae28179a13fe2b7416f4a5ec0
\openout2 = `card/card-hw.aux'.

 (./card/card-hw.tex [172



]
Chapter 8.
(./card/equiv-exer.tex [173]) [174] (./card/examples-exer.tex [175] [176])
[177] (./card/cantors-exer.tex [178] [179] [180]) (./card/dominance-exer.tex
[181])) [182]
\openout2 = `proof4/proof4-hw.aux'.

 (./proof4/proof4-hw.tex
Chapter 9.
(./proof4/morley-exer.tex (./figures/Morley_finished.tex
<<<<<<< HEAD
<figures/Morley_finished.pdf, id=1502, 362.35374pt x 136.51pt>
=======
<figures/Morley_finished.pdf, id=1194, 362.35374pt x 136.51pt>
>>>>>>> 26426fa1761fbeaae28179a13fe2b7416f4a5ec0
File: figures/Morley_finished.pdf Graphic file (type pdf)

<use figures/Morley_finished.pdf>)
Overfull \hbox (1.51628pt too wide) in paragraph at lines 3--8
 [][] 
 []

[183



<<<<<<< HEAD
 <./figures/Morley_finished.pdf>]) [184] (./proof4/five-exer.tex [185])
[186] (./proof4/monge-exer.tex)) [187]
Package atveryend Info: Empty hook `BeforeClearDocument' on input line 131.
Package atveryend Info: Empty hook `AfterLastShipout' on input line 131.
 (./GIAM-hw.aux (./intro/intro-hw.aux)
(./logic/logic-hw.aux) (./proof1/proof1-hw.aux) (./sets/sets-hw.aux)
(./proof2/proof2-hw.aux) (./rel/rel-hw.aux) (./proof3/proof3-hw.aux)
(./card/card-hw.aux) (./proof4/proof4-hw.aux))
Package atveryend Info: Executing hook `AtVeryEndDocument' on input line 131.
Package atveryend Info: Executing hook `AtEndAfterFileList' on input line 131.
Package rerunfilecheck Info: File `GIAM-hw.out' has not changed.
(rerunfilecheck)             Checksum: E1DE21B881EB7910885763981BF31E50;3683.


LaTeX Warning: There were undefined references.

Package atveryend Info: Empty hook `AtVeryVeryEnd' on input line 131.
 ) 
Here is how much of TeX's memory you used:
 7747 strings out of 493315
 107739 string characters out of 6137904
 192725 words of memory out of 5000000
 10174 multiletter control sequences out of 15000+600000
 15437 words of font info for 59 fonts, out of 8000000 for 9000
 957 hyphenation exceptions out of 8191
 29i,15n,30p,814b,626s stack positions out of 5000i,500n,10000p,200000b,80000s
</usr/local/texlive/2013/texmf-dist/fonts/type1/public/amsfonts/cm/cmbx10.pfb
></usr/local/texlive/2013/texmf-dist/fonts/type1/public/amsfonts/cm/cmbx12.pfb>
</usr/local/texlive/2013/texmf-dist/fonts/type1/public/amsfonts/cm/cmex10.pfb><
/usr/local/texlive/2013/texmf-dist/fonts/type1/public/amsfonts/cm/cmmi12.pfb></
usr/local/texlive/2013/texmf-dist/fonts/type1/public/amsfonts/cm/cmmi8.pfb></us
r/local/texlive/2013/texmf-dist/fonts/type1/public/amsfonts/cm/cmr10.pfb></usr/
local/texlive/2013/texmf-dist/fonts/type1/public/amsfonts/cm/cmr12.pfb></usr/lo
cal/texlive/2013/texmf-dist/fonts/type1/public/amsfonts/cm/cmr17.pfb></usr/loca
l/texlive/2013/texmf-dist/fonts/type1/public/amsfonts/cm/cmr6.pfb></usr/local/t
exlive/2013/texmf-dist/fonts/type1/public/amsfonts/cm/cmr7.pfb></usr/local/texl
ive/2013/texmf-dist/fonts/type1/public/amsfonts/cm/cmr8.pfb></usr/local/texlive
/2013/texmf-dist/fonts/type1/public/amsfonts/cm/cmsl12.pfb></usr/local/texlive/
2013/texmf-dist/fonts/type1/public/amsfonts/cm/cmss12.pfb></usr/local/texlive/2
013/texmf-dist/fonts/type1/public/amsfonts/cm/cmsy10.pfb></usr/local/texlive/20
13/texmf-dist/fonts/type1/public/amsfonts/cm/cmsy6.pfb></usr/local/texlive/2013
/texmf-dist/fonts/type1/public/amsfonts/cm/cmsy8.pfb></usr/local/texlive/2013/t
exmf-dist/fonts/type1/public/amsfonts/cm/cmti12.pfb></usr/local/texlive/2013/te
xmf-dist/fonts/type1/public/amsfonts/cm/cmtt12.pfb></usr/local/texlive/2013/tex
mf-dist/fonts/type1/public/amsfonts/symbols/msam10.pfb></usr/local/texlive/2013
/texmf-dist/fonts/type1/public/amsfonts/symbols/msbm10.pfb>
Output written on GIAM-hw.pdf (189 pages, 430171 bytes).
PDF statistics:
 1744 PDF objects out of 2073 (max. 8388607)
 1503 compressed objects within 16 object streams
 681 named destinations out of 1000 (max. 500000)
 511 words of extra memory for PDF output out of 10000 (max. 10000000)
=======
 <./figures/Morley_finished.pdf>]) [112] (./proof4/five-exer.tex) [113]
(./proof4/monge-exer.tex)) [114] (./GIAM-hw.aux (./intro/intro-hw.aux)
(./logic/logic-hw.aux) (./proof1/proof1-hw.aux) (./sets/sets-hw.aux)
(./proof2/proof2-hw.aux) (./rel/rel-hw.aux) (./proof3/proof3-hw.aux)
(./card/card-hw.aux) (./proof4/proof4-hw.aux))

LaTeX Warning: There were undefined references.

 ) 
Here is how much of TeX's memory you used:
 6681 strings out of 495061
 90483 string characters out of 1182621
 161464 words of memory out of 3000000
 8885 multiletter control sequences out of 15000+50000
 15437 words of font info for 59 fonts, out of 3000000 for 9000
 28 hyphenation exceptions out of 8191
 38i,15n,38p,814b,587s stack positions out of 5000i,500n,10000p,200000b,50000s
</usr/share/texmf-texlive/fonts/type1/public/amsfonts/cm/cmbx10.pfb></usr/sha
re/texmf-texlive/fonts/type1/public/amsfonts/cm/cmbx12.pfb></usr/share/texmf-te
xlive/fonts/type1/public/amsfonts/cm/cmex10.pfb></usr/share/texmf-texlive/fonts
/type1/public/amsfonts/cm/cmmi12.pfb></usr/share/texmf-texlive/fonts/type1/publ
ic/amsfonts/cm/cmmi8.pfb></usr/share/texmf-texlive/fonts/type1/public/amsfonts/
cm/cmr10.pfb></usr/share/texmf-texlive/fonts/type1/public/amsfonts/cm/cmr12.pfb
></usr/share/texmf-texlive/fonts/type1/public/amsfonts/cm/cmr17.pfb></usr/share
/texmf-texlive/fonts/type1/public/amsfonts/cm/cmr6.pfb></usr/share/texmf-texliv
e/fonts/type1/public/amsfonts/cm/cmr7.pfb></usr/share/texmf-texlive/fonts/type1
/public/amsfonts/cm/cmr8.pfb></usr/share/texmf-texlive/fonts/type1/public/amsfo
nts/cm/cmsl12.pfb></usr/share/texmf-texlive/fonts/type1/public/amsfonts/cm/cmss
12.pfb></usr/share/texmf-texlive/fonts/type1/public/amsfonts/cm/cmsy10.pfb></us
r/share/texmf-texlive/fonts/type1/public/amsfonts/cm/cmsy6.pfb></usr/share/texm
f-texlive/fonts/type1/public/amsfonts/cm/cmsy8.pfb></usr/share/texmf-texlive/fo
nts/type1/public/amsfonts/cm/cmti12.pfb></usr/share/texmf-texlive/fonts/type1/p
ublic/amsfonts/cm/cmtt12.pfb></usr/share/texmf-texlive/fonts/type1/public/amsfo
nts/symbols/msam10.pfb></usr/share/texmf-texlive/fonts/type1/public/amsfonts/sy
mbols/msbm10.pfb>
Output written on GIAM-hw.pdf (116 pages, 524052 bytes).
PDF statistics:
 1410 PDF objects out of 1440 (max. 8388607)
 609 named destinations out of 1000 (max. 500000)
 519 words of extra memory for PDF output out of 10000 (max. 10000000)
>>>>>>> 26426fa1761fbeaae28179a13fe2b7416f4a5ec0

